2021-01-09 13:16:13,377 [Worker-5: Loading available Gradle versions] INFO  o.e.b.c.i.u.g.PublishedGradleVersions - Gradle version information cache is out-of-date. Trying to update.
2021-01-09 13:17:50,657 [Worker-9: Updating Maven Dependencies] INFO  o.e.m.c.i.e.AbstractTransferListenerAdapter - Downloaded http://maven.vaadin.com/vaadin-addons/com/vaadin/vaadin-bom/7.7.17/vaadin-bom-7.7.17.pom
2021-01-09 13:17:50,881 [Worker-9: Updating Maven Dependencies] INFO  o.e.m.c.i.e.AbstractTransferListenerAdapter - Downloading https://repo.maven.apache.org/maven2/com/vaadin/vaadin-bom/7.7.17/vaadin-bom-7.7.17.pom
2021-01-09 13:17:50,917 [Worker-18: Building] INFO  o.e.m.c.i.e.AbstractTransferListenerAdapter - Downloading https://repo.maven.apache.org/maven2/com/vaadin/vaadin-bom/7.7.17/vaadin-bom-7.7.17.pom
2021-01-09 13:17:51,071 [Worker-18: Building] INFO  o.e.m.c.i.e.AbstractTransferListenerAdapter - Downloaded https://repo.maven.apache.org/maven2/com/vaadin/vaadin-bom/7.7.17/vaadin-bom-7.7.17.pom
2021-01-09 13:17:51,074 [Worker-9: Updating Maven Dependencies] INFO  o.e.m.c.i.e.AbstractTransferListenerAdapter - Downloaded https://repo.maven.apache.org/maven2/com/vaadin/vaadin-bom/7.7.17/vaadin-bom-7.7.17.pom
2021-01-09 13:17:51,224 [Worker-9: Updating Maven Dependencies] INFO  o.e.m.c.i.e.AbstractTransferListenerAdapter - Downloaded http://maven.vaadin.com/vaadin-addons/com/vaadin/vaadin-root/7.7.17/vaadin-root-7.7.17.pom
2021-01-09 13:17:51,245 [Worker-9: Updating Maven Dependencies] INFO  o.e.m.c.i.e.AbstractTransferListenerAdapter - Downloading https://repo.maven.apache.org/maven2/com/vaadin/vaadin-root/7.7.17/vaadin-root-7.7.17.pom
2021-01-09 13:17:51,276 [Worker-9: Updating Maven Dependencies] INFO  o.e.m.c.i.e.AbstractTransferListenerAdapter - Downloaded https://repo.maven.apache.org/maven2/com/vaadin/vaadin-root/7.7.17/vaadin-root-7.7.17.pom
2021-01-09 13:17:51,348 [Worker-18: Building] INFO  o.e.m.c.i.e.AbstractTransferListenerAdapter - Downloaded http://maven.vaadin.com/vaadin-addons/com/vaadin/vaadin-root/7.7.17/vaadin-root-7.7.17.pom
2021-01-09 13:17:51,359 [Worker-18: Building] INFO  o.e.m.c.i.e.AbstractTransferListenerAdapter - Downloading https://repo.maven.apache.org/maven2/com/vaadin/vaadin-root/7.7.17/vaadin-root-7.7.17.pom
2021-01-09 13:17:51,376 [Worker-18: Building] INFO  o.e.m.c.i.e.AbstractTransferListenerAdapter - Downloaded https://repo.maven.apache.org/maven2/com/vaadin/vaadin-root/7.7.17/vaadin-root-7.7.17.pom
2021-01-09 13:17:51,786 [Worker-18: Building] INFO  o.e.m.c.i.e.AbstractTransferListenerAdapter - Downloading https://repo.maven.apache.org/maven2/com/vaadin/vaadin-maven-plugin/7.7.17/vaadin-maven-plugin-7.7.17.pom
2021-01-09 13:17:51,821 [Worker-18: Building] INFO  o.e.m.c.i.e.AbstractTransferListenerAdapter - Downloaded https://repo.maven.apache.org/maven2/com/vaadin/vaadin-maven-plugin/7.7.17/vaadin-maven-plugin-7.7.17.pom
2021-01-09 13:17:51,879 [Worker-18: Building] INFO  o.e.m.c.i.e.AbstractTransferListenerAdapter - Downloading https://repo.maven.apache.org/maven2/com/vaadin/vaadin-maven-plugin/7.7.17/vaadin-maven-plugin-7.7.17.jar
2021-01-09 13:17:51,956 [Worker-18: Building] INFO  o.e.m.c.i.e.AbstractTransferListenerAdapter - Downloaded https://repo.maven.apache.org/maven2/com/vaadin/vaadin-maven-plugin/7.7.17/vaadin-maven-plugin-7.7.17.jar
2021-01-09 13:17:52,435 [Worker-18: Building] INFO  o.e.m.c.i.e.AbstractTransferListenerAdapter - Downloading https://repo.maven.apache.org/maven2/org/apache/maven/plugins/maven-war-plugin/2.6/maven-war-plugin-2.6.jar
2021-01-09 13:17:52,468 [Worker-18: Building] INFO  o.e.m.c.i.e.AbstractTransferListenerAdapter - Downloaded https://repo.maven.apache.org/maven2/org/apache/maven/plugins/maven-war-plugin/2.6/maven-war-plugin-2.6.jar
2021-01-09 13:17:52,855 [Worker-18: Building] WARN  o.e.a.i.i.DefaultRepositoryEventDispatcher - Failed to dispatch repository event to org.eclipse.m2e.core.internal.embedder.EclipseRepositoryListener: null
2021-01-09 13:17:53,729 [Worker-18: Building] INFO  o.e.m.c.i.l.LifecycleMappingFactory - Using org.eclipse.m2e.jdt.JarLifecycleMapping lifecycle mapping for MavenProject: Tap:Ascensores:1.0-SNAPSHOT @ D:\UFV\Cuarto\Primer cuatrimestre\TAP\Gestion_ascensores\Ascensores\pom.xml.
2021-01-09 13:17:53,868 [Worker-18: Building] INFO  o.e.m.c.i.e.AbstractTransferListenerAdapter - Downloaded http://maven.vaadin.com/vaadin-addons/com/vaadin/vaadin-server/7.7.17/vaadin-server-7.7.17.pom
2021-01-09 13:17:53,883 [Worker-18: Building] INFO  o.e.m.c.i.e.AbstractTransferListenerAdapter - Downloading https://repo.maven.apache.org/maven2/com/vaadin/vaadin-server/7.7.17/vaadin-server-7.7.17.pom
2021-01-09 13:17:53,896 [Worker-18: Building] INFO  o.e.m.c.i.e.AbstractTransferListenerAdapter - Downloaded https://repo.maven.apache.org/maven2/com/vaadin/vaadin-server/7.7.17/vaadin-server-7.7.17.pom
2021-01-09 13:17:54,047 [Worker-18: Building] INFO  o.e.m.c.i.e.AbstractTransferListenerAdapter - Downloaded http://maven.vaadin.com/vaadin-addons/com/vaadin/vaadin-shared/7.7.17/vaadin-shared-7.7.17.pom
2021-01-09 13:17:54,057 [Worker-18: Building] INFO  o.e.m.c.i.e.AbstractTransferListenerAdapter - Downloading https://repo.maven.apache.org/maven2/com/vaadin/vaadin-shared/7.7.17/vaadin-shared-7.7.17.pom
2021-01-09 13:17:54,149 [Worker-18: Building] INFO  o.e.m.c.i.e.AbstractTransferListenerAdapter - Downloaded https://repo.maven.apache.org/maven2/com/vaadin/vaadin-shared/7.7.17/vaadin-shared-7.7.17.pom
2021-01-09 13:17:54,271 [Worker-18: Building] INFO  o.e.m.c.i.e.AbstractTransferListenerAdapter - Downloaded http://maven.vaadin.com/vaadin-addons/org/jsoup/jsoup/1.8.3/jsoup-1.8.3.pom
2021-01-09 13:17:54,281 [Worker-18: Building] INFO  o.e.m.c.i.e.AbstractTransferListenerAdapter - Downloading https://repo.maven.apache.org/maven2/org/jsoup/jsoup/1.8.3/jsoup-1.8.3.pom
2021-01-09 13:17:54,292 [Worker-18: Building] INFO  o.e.m.c.i.e.AbstractTransferListenerAdapter - Downloaded https://repo.maven.apache.org/maven2/org/jsoup/jsoup/1.8.3/jsoup-1.8.3.pom
2021-01-09 13:17:54,420 [Worker-18: Building] INFO  o.e.m.c.i.e.AbstractTransferListenerAdapter - Downloaded http://maven.vaadin.com/vaadin-addons/com/vaadin/vaadin-push/7.7.17/vaadin-push-7.7.17.pom
2021-01-09 13:17:54,518 [Worker-18: Building] INFO  o.e.m.c.i.e.AbstractTransferListenerAdapter - Downloading https://repo.maven.apache.org/maven2/com/vaadin/vaadin-push/7.7.17/vaadin-push-7.7.17.pom
2021-01-09 13:17:54,609 [Worker-18: Building] INFO  o.e.m.c.i.e.AbstractTransferListenerAdapter - Downloaded https://repo.maven.apache.org/maven2/com/vaadin/vaadin-push/7.7.17/vaadin-push-7.7.17.pom
2021-01-09 13:17:54,733 [Worker-18: Building] INFO  o.e.m.c.i.e.AbstractTransferListenerAdapter - Downloaded http://maven.vaadin.com/vaadin-addons/com/vaadin/external/atmosphere/atmosphere-runtime/2.2.13.vaadin1/atmosphere-runtime-2.2.13.vaadin1.pom
2021-01-09 13:17:54,823 [Worker-18: Building] INFO  o.e.m.c.i.e.AbstractTransferListenerAdapter - Downloading https://repo.maven.apache.org/maven2/com/vaadin/external/atmosphere/atmosphere-runtime/2.2.13.vaadin1/atmosphere-runtime-2.2.13.vaadin1.pom
2021-01-09 13:17:54,925 [Worker-18: Building] INFO  o.e.m.c.i.e.AbstractTransferListenerAdapter - Downloaded https://repo.maven.apache.org/maven2/com/vaadin/external/atmosphere/atmosphere-runtime/2.2.13.vaadin1/atmosphere-runtime-2.2.13.vaadin1.pom
2021-01-09 13:17:55,050 [Worker-18: Building] INFO  o.e.m.c.i.e.AbstractTransferListenerAdapter - Downloaded http://maven.vaadin.com/vaadin-addons/com/vaadin/external/atmosphere/atmosphere-project/2.2.13.vaadin1/atmosphere-project-2.2.13.vaadin1.pom
2021-01-09 13:17:55,139 [Worker-18: Building] INFO  o.e.m.c.i.e.AbstractTransferListenerAdapter - Downloading https://repo.maven.apache.org/maven2/com/vaadin/external/atmosphere/atmosphere-project/2.2.13.vaadin1/atmosphere-project-2.2.13.vaadin1.pom
2021-01-09 13:17:55,231 [Worker-18: Building] INFO  o.e.m.c.i.e.AbstractTransferListenerAdapter - Downloaded https://repo.maven.apache.org/maven2/com/vaadin/external/atmosphere/atmosphere-project/2.2.13.vaadin1/atmosphere-project-2.2.13.vaadin1.pom
2021-01-09 13:17:55,393 [Worker-18: Building] INFO  o.e.m.c.i.e.AbstractTransferListenerAdapter - Downloaded http://maven.vaadin.com/vaadin-addons/com/vaadin/vaadin-client-compiled/7.7.17/vaadin-client-compiled-7.7.17.pom
2021-01-09 13:17:55,601 [Worker-18: Building] INFO  o.e.m.c.i.e.AbstractTransferListenerAdapter - Downloading https://repo.maven.apache.org/maven2/com/vaadin/vaadin-client-compiled/7.7.17/vaadin-client-compiled-7.7.17.pom
2021-01-09 13:17:55,697 [Worker-18: Building] INFO  o.e.m.c.i.e.AbstractTransferListenerAdapter - Downloaded https://repo.maven.apache.org/maven2/com/vaadin/vaadin-client-compiled/7.7.17/vaadin-client-compiled-7.7.17.pom
2021-01-09 13:17:55,827 [Worker-18: Building] INFO  o.e.m.c.i.e.AbstractTransferListenerAdapter - Downloaded http://maven.vaadin.com/vaadin-addons/com/vaadin/vaadin-themes/7.7.17/vaadin-themes-7.7.17.pom
2021-01-09 13:17:55,837 [Worker-18: Building] INFO  o.e.m.c.i.e.AbstractTransferListenerAdapter - Downloading https://repo.maven.apache.org/maven2/com/vaadin/vaadin-themes/7.7.17/vaadin-themes-7.7.17.pom
2021-01-09 13:17:55,852 [Worker-18: Building] INFO  o.e.m.c.i.e.AbstractTransferListenerAdapter - Downloaded https://repo.maven.apache.org/maven2/com/vaadin/vaadin-themes/7.7.17/vaadin-themes-7.7.17.pom
2021-01-09 13:17:56,055 [Worker-18: Building] INFO  o.e.m.c.i.e.AbstractTransferListenerAdapter - Downloaded http://maven.vaadin.com/vaadin-addons/com/vaadin/vaadin-server/7.7.17/vaadin-server-7.7.17.jar
2021-01-09 13:17:56,183 [Worker-18: Building] INFO  o.e.m.c.i.e.AbstractTransferListenerAdapter - Downloaded http://maven.vaadin.com/vaadin-addons/com/vaadin/vaadin-shared/7.7.17/vaadin-shared-7.7.17.jar
2021-01-09 13:17:56,296 [Worker-18: Building] INFO  o.e.m.c.i.e.AbstractTransferListenerAdapter - Downloaded http://maven.vaadin.com/vaadin-addons/org/jsoup/jsoup/1.8.3/jsoup-1.8.3.jar
2021-01-09 13:17:56,414 [Worker-18: Building] INFO  o.e.m.c.i.e.AbstractTransferListenerAdapter - Downloaded http://maven.vaadin.com/vaadin-addons/com/vaadin/vaadin-push/7.7.17/vaadin-push-7.7.17.jar
2021-01-09 13:17:56,530 [Worker-18: Building] INFO  o.e.m.c.i.e.AbstractTransferListenerAdapter - Downloaded http://maven.vaadin.com/vaadin-addons/com/vaadin/external/atmosphere/atmosphere-runtime/2.2.13.vaadin1/atmosphere-runtime-2.2.13.vaadin1.jar
2021-01-09 13:17:56,648 [Worker-18: Building] INFO  o.e.m.c.i.e.AbstractTransferListenerAdapter - Downloaded http://maven.vaadin.com/vaadin-addons/com/vaadin/vaadin-client-compiled/7.7.17/vaadin-client-compiled-7.7.17.jar
2021-01-09 13:17:56,764 [Worker-18: Building] INFO  o.e.m.c.i.e.AbstractTransferListenerAdapter - Downloaded http://maven.vaadin.com/vaadin-addons/com/vaadin/vaadin-themes/7.7.17/vaadin-themes-7.7.17.jar
2021-01-09 13:17:56,789 [Worker-18: Building] INFO  o.e.m.c.i.e.AbstractTransferListenerAdapter - Downloading https://repo.maven.apache.org/maven2/com/vaadin/vaadin-server/7.7.17/vaadin-server-7.7.17.jar
2021-01-09 13:17:57,295 [Worker-18: Building] INFO  o.e.m.c.i.e.AbstractTransferListenerAdapter - Downloaded https://repo.maven.apache.org/maven2/com/vaadin/vaadin-server/7.7.17/vaadin-server-7.7.17.jar
2021-01-09 13:17:57,305 [Worker-18: Building] INFO  o.e.m.c.i.e.AbstractTransferListenerAdapter - Downloading https://repo.maven.apache.org/maven2/com/vaadin/vaadin-shared/7.7.17/vaadin-shared-7.7.17.jar
2021-01-09 13:17:57,387 [Worker-18: Building] INFO  o.e.m.c.i.e.AbstractTransferListenerAdapter - Downloaded https://repo.maven.apache.org/maven2/com/vaadin/vaadin-shared/7.7.17/vaadin-shared-7.7.17.jar
2021-01-09 13:17:57,394 [Worker-18: Building] INFO  o.e.m.c.i.e.AbstractTransferListenerAdapter - Downloading https://repo.maven.apache.org/maven2/org/jsoup/jsoup/1.8.3/jsoup-1.8.3.jar
2021-01-09 13:17:57,463 [Worker-18: Building] INFO  o.e.m.c.i.e.AbstractTransferListenerAdapter - Downloaded https://repo.maven.apache.org/maven2/org/jsoup/jsoup/1.8.3/jsoup-1.8.3.jar
2021-01-09 13:17:57,575 [Worker-18: Building] INFO  o.e.m.c.i.e.AbstractTransferListenerAdapter - Downloading https://repo.maven.apache.org/maven2/com/vaadin/vaadin-push/7.7.17/vaadin-push-7.7.17.jar
2021-01-09 13:17:57,699 [Worker-18: Building] INFO  o.e.m.c.i.e.AbstractTransferListenerAdapter - Downloaded https://repo.maven.apache.org/maven2/com/vaadin/vaadin-push/7.7.17/vaadin-push-7.7.17.jar
2021-01-09 13:17:57,897 [Worker-18: Building] INFO  o.e.m.c.i.e.AbstractTransferListenerAdapter - Downloading https://repo.maven.apache.org/maven2/com/vaadin/external/atmosphere/atmosphere-runtime/2.2.13.vaadin1/atmosphere-runtime-2.2.13.vaadin1.jar
2021-01-09 13:17:58,114 [Worker-18: Building] INFO  o.e.m.c.i.e.AbstractTransferListenerAdapter - Downloaded https://repo.maven.apache.org/maven2/com/vaadin/external/atmosphere/atmosphere-runtime/2.2.13.vaadin1/atmosphere-runtime-2.2.13.vaadin1.jar
2021-01-09 13:17:58,266 [Worker-18: Building] INFO  o.e.m.c.i.e.AbstractTransferListenerAdapter - Downloading https://repo.maven.apache.org/maven2/com/vaadin/vaadin-client-compiled/7.7.17/vaadin-client-compiled-7.7.17.jar
2021-01-09 13:17:58,500 [Worker-18: Building] INFO  o.e.m.c.i.e.AbstractTransferListenerAdapter - Downloaded https://repo.maven.apache.org/maven2/com/vaadin/vaadin-client-compiled/7.7.17/vaadin-client-compiled-7.7.17.jar
2021-01-09 13:17:58,554 [Worker-18: Building] INFO  o.e.m.c.i.e.AbstractTransferListenerAdapter - Downloading https://repo.maven.apache.org/maven2/com/vaadin/vaadin-themes/7.7.17/vaadin-themes-7.7.17.jar
2021-01-09 13:18:00,114 [Worker-18: Building] INFO  o.e.m.c.i.e.AbstractTransferListenerAdapter - Downloaded https://repo.maven.apache.org/maven2/com/vaadin/vaadin-themes/7.7.17/vaadin-themes-7.7.17.jar
2021-01-09 13:18:00,747 [Worker-18: Building] WARN  o.e.a.i.i.DefaultRepositoryEventDispatcher - Failed to dispatch repository event to org.eclipse.m2e.core.internal.embedder.EclipseRepositoryListener: null
2021-01-09 13:18:02,132 [Worker-18: Building] INFO  o.e.m.c.i.e.AbstractTransferListenerAdapter - Downloading https://repo.maven.apache.org/maven2/org/springframework/spring-core/3.0.5.RELEASE/spring-core-3.0.5.RELEASE.pom
2021-01-09 13:18:02,151 [Worker-18: Building] INFO  o.e.m.c.i.e.AbstractTransferListenerAdapter - Downloaded https://repo.maven.apache.org/maven2/org/springframework/spring-core/3.0.5.RELEASE/spring-core-3.0.5.RELEASE.pom
2021-01-09 13:18:02,169 [Worker-18: Building] INFO  o.e.m.c.i.e.AbstractTransferListenerAdapter - Downloading https://repo.maven.apache.org/maven2/org/springframework/spring-parent/3.0.5.RELEASE/spring-parent-3.0.5.RELEASE.pom
2021-01-09 13:18:02,181 [Worker-18: Building] INFO  o.e.m.c.i.e.AbstractTransferListenerAdapter - Downloaded https://repo.maven.apache.org/maven2/org/springframework/spring-parent/3.0.5.RELEASE/spring-parent-3.0.5.RELEASE.pom
2021-01-09 13:18:02,200 [Worker-18: Building] INFO  o.e.m.c.i.e.AbstractTransferListenerAdapter - Downloading https://repo.maven.apache.org/maven2/org/springframework/spring-asm/3.0.5.RELEASE/spring-asm-3.0.5.RELEASE.pom
2021-01-09 13:18:02,212 [Worker-18: Building] INFO  o.e.m.c.i.e.AbstractTransferListenerAdapter - Downloaded https://repo.maven.apache.org/maven2/org/springframework/spring-asm/3.0.5.RELEASE/spring-asm-3.0.5.RELEASE.pom
2021-01-09 13:18:02,637 [Worker-6: Download sources and javadoc] INFO  o.e.m.c.i.e.AbstractTransferListenerAdapter - Downloaded http://maven.vaadin.com/vaadin-addons/com/vaadin/vaadin-server/7.7.17/vaadin-server-7.7.17-sources.jar
2021-01-09 13:18:02,783 [Worker-18: Building] INFO  o.e.m.c.i.e.AbstractTransferListenerAdapter - Downloading https://repo.maven.apache.org/maven2/org/springframework/spring-core/3.0.5.RELEASE/spring-core-3.0.5.RELEASE.jar
2021-01-09 13:18:02,860 [Worker-18: Building] INFO  o.e.m.c.i.e.AbstractTransferListenerAdapter - Downloaded https://repo.maven.apache.org/maven2/org/springframework/spring-core/3.0.5.RELEASE/spring-core-3.0.5.RELEASE.jar
2021-01-09 13:18:02,868 [Worker-18: Building] INFO  o.e.m.c.i.e.AbstractTransferListenerAdapter - Downloading https://repo.maven.apache.org/maven2/org/springframework/spring-asm/3.0.5.RELEASE/spring-asm-3.0.5.RELEASE.jar
2021-01-09 13:18:02,885 [Worker-18: Building] INFO  o.e.m.c.i.e.AbstractTransferListenerAdapter - Downloaded https://repo.maven.apache.org/maven2/org/springframework/spring-asm/3.0.5.RELEASE/spring-asm-3.0.5.RELEASE.jar
2021-01-09 13:18:02,904 [Worker-6: Download sources and javadoc] INFO  o.e.m.c.i.e.AbstractTransferListenerAdapter - Downloading https://repo.maven.apache.org/maven2/com/vaadin/vaadin-server/7.7.17/vaadin-server-7.7.17-sources.jar
2021-01-09 13:18:02,992 [Worker-18: Building] INFO  o.e.m.c.i.e.AbstractTransferListenerAdapter - Downloading https://repo.maven.apache.org/maven2/commons-logging/commons-logging/1.1.1/commons-logging-1.1.1.jar
2021-01-09 13:18:03,020 [Worker-18: Building] INFO  o.e.m.c.i.e.AbstractTransferListenerAdapter - Downloaded https://repo.maven.apache.org/maven2/commons-logging/commons-logging/1.1.1/commons-logging-1.1.1.jar
2021-01-09 13:18:03,032 [Worker-18: Building] INFO  o.e.m.c.i.e.AbstractTransferListenerAdapter - Downloading https://repo.maven.apache.org/maven2/xml-apis/xml-apis/1.3.02/xml-apis-1.3.02.jar
2021-01-09 13:18:03,095 [Worker-18: Building] INFO  o.e.m.c.i.e.AbstractTransferListenerAdapter - Downloaded https://repo.maven.apache.org/maven2/xml-apis/xml-apis/1.3.02/xml-apis-1.3.02.jar
2021-01-09 13:18:03,315 [Worker-6: Download sources and javadoc] INFO  o.e.m.c.i.e.AbstractTransferListenerAdapter - Downloaded https://repo.maven.apache.org/maven2/com/vaadin/vaadin-server/7.7.17/vaadin-server-7.7.17-sources.jar
2021-01-09 13:18:03,472 [Worker-6: Download sources and javadoc] INFO  o.e.m.j.internal.DownloadSourcesJob - Downloaded sources for com.vaadin:vaadin-server:7.7.17
2021-01-09 13:18:03,710 [Worker-6: Download sources and javadoc] INFO  o.e.m.c.i.e.AbstractTransferListenerAdapter - Downloaded http://maven.vaadin.com/vaadin-addons/com/vaadin/vaadin-shared/7.7.17/vaadin-shared-7.7.17-sources.jar
2021-01-09 13:18:03,891 [Worker-6: Download sources and javadoc] INFO  o.e.m.c.i.e.AbstractTransferListenerAdapter - Downloading https://repo.maven.apache.org/maven2/com/vaadin/vaadin-shared/7.7.17/vaadin-shared-7.7.17-sources.jar
2021-01-09 13:18:04,086 [Worker-6: Download sources and javadoc] INFO  o.e.m.c.i.e.AbstractTransferListenerAdapter - Downloaded https://repo.maven.apache.org/maven2/com/vaadin/vaadin-shared/7.7.17/vaadin-shared-7.7.17-sources.jar
2021-01-09 13:18:04,180 [Worker-6: Download sources and javadoc] INFO  o.e.m.j.internal.DownloadSourcesJob - Downloaded sources for com.vaadin:vaadin-shared:7.7.17
2021-01-09 13:18:04,418 [Worker-6: Download sources and javadoc] INFO  o.e.m.c.i.e.AbstractTransferListenerAdapter - Downloaded http://maven.vaadin.com/vaadin-addons/org/jsoup/jsoup/1.8.3/jsoup-1.8.3-sources.jar
2021-01-09 13:18:04,465 [Worker-18: Building] INFO  o.e.m.c.i.embedder.EclipseLogger - Updating theme VAADIN\themes\mytheme
2021-01-09 13:18:04,499 [Worker-6: Download sources and javadoc] INFO  o.e.m.c.i.e.AbstractTransferListenerAdapter - Downloading https://repo.maven.apache.org/maven2/org/jsoup/jsoup/1.8.3/jsoup-1.8.3-sources.jar
2021-01-09 13:18:04,603 [Worker-6: Download sources and javadoc] INFO  o.e.m.c.i.e.AbstractTransferListenerAdapter - Downloaded https://repo.maven.apache.org/maven2/org/jsoup/jsoup/1.8.3/jsoup-1.8.3-sources.jar
2021-01-09 13:18:04,701 [Worker-6: Download sources and javadoc] INFO  o.e.m.j.internal.DownloadSourcesJob - Downloaded sources for org.jsoup:jsoup:1.8.3
2021-01-09 13:18:04,777 [Thread-20] INFO  o.e.m.c.i.embedder.EclipseLogger - Widgetsets found from classpath:
2021-01-09 13:18:04,777 [Thread-20] INFO  o.e.m.c.i.embedder.EclipseLogger - Addon styles found from classpath:
2021-01-09 13:18:04,777 [Thread-20] INFO  o.e.m.c.i.embedder.EclipseLogger - 
2021-01-09 13:18:04,777 [Thread-20] INFO  o.e.m.c.i.embedder.EclipseLogger - Search took 6ms
2021-01-09 13:18:04,792 [Worker-18: Building] INFO  o.e.m.c.i.embedder.EclipseLogger - Theme "VAADIN\themes\mytheme" updated
2021-01-09 13:18:04,864 [Worker-14: Updating Maven Dependencies] INFO  o.e.m.c.i.l.LifecycleMappingFactory - Using org.eclipse.m2e.jdt.JarLifecycleMapping lifecycle mapping for MavenProject: Tap:Ascensores:1.0-SNAPSHOT @ D:\UFV\Cuarto\Primer cuatrimestre\TAP\Gestion_ascensores\Ascensores\pom.xml.
2021-01-09 13:18:04,864 [Worker-18: Building] WARN  o.e.m.c.i.embedder.EclipseLogger - GWT plugin is configured to detect modules, but none were found.
2021-01-09 13:18:04,868 [Worker-18: Building] INFO  o.e.m.c.i.embedder.EclipseLogger - No widgetsets found - generating AppWidgetset if necessary.
2021-01-09 13:18:04,869 [Worker-18: Building] INFO  o.e.m.c.i.embedder.EclipseLogger - Updating widgetset AppWidgetset
2021-01-09 13:18:04,869 [Worker-18: Building] INFO  o.e.m.c.i.embedder.EclipseLogger - Adding resource directory to command classpath: D:\UFV\Cuarto\Primer cuatrimestre\TAP\Gestion_ascensores\Ascensores\src\main\resources
2021-01-09 13:18:04,869 [Worker-18: Building] INFO  o.e.m.c.i.embedder.EclipseLogger - Adding resource directory to command classpath: D:\UFV\Cuarto\Primer cuatrimestre\TAP\Gestion_ascensores\Ascensores\target\generated-resources\gwt
2021-01-09 13:18:04,931 [Worker-6: Download sources and javadoc] INFO  o.e.m.c.i.e.AbstractTransferListenerAdapter - Downloaded http://maven.vaadin.com/vaadin-addons/com/vaadin/vaadin-push/7.7.17/vaadin-push-7.7.17-sources.jar
2021-01-09 13:18:05,005 [Worker-18: Building] INFO  o.e.m.c.i.e.AbstractTransferListenerAdapter - Downloaded http://maven.vaadin.com/vaadin-addons/com/vaadin/vaadin-client/7.7.17/vaadin-client-7.7.17.jar
2021-01-09 13:18:05,023 [Worker-18: Building] INFO  o.e.m.c.i.e.AbstractTransferListenerAdapter - Downloading https://repo.maven.apache.org/maven2/com/vaadin/vaadin-client/7.7.17/vaadin-client-7.7.17.jar
2021-01-09 13:18:05,086 [Worker-6: Download sources and javadoc] INFO  o.e.m.c.i.e.AbstractTransferListenerAdapter - Downloaded https://repo.maven.apache.org/maven2/com/vaadin/vaadin-push/7.7.17/vaadin-push-7.7.17-sources.jar
2021-01-09 13:18:05,095 [Worker-6: Download sources and javadoc] ERROR o.e.m.j.internal.DownloadSourcesJob - Could not download sources for com.vaadin:vaadin-push:7.7.17
org.eclipse.core.runtime.CoreException: Could not resolve artifact com.vaadin:vaadin-push:jar:sources:7.7.17
	at org.eclipse.m2e.core.internal.embedder.MavenImpl.lambda$4(MavenImpl.java:805) ~[org.eclipse.m2e.core_1.14.0.20191209-1925.jar:na]
	at org.eclipse.m2e.core.internal.embedder.MavenExecutionContext.executeBare(MavenExecutionContext.java:179) ~[org.eclipse.m2e.core_1.14.0.20191209-1925.jar:na]
	at org.eclipse.m2e.core.internal.embedder.MavenExecutionContext.execute(MavenExecutionContext.java:114) ~[org.eclipse.m2e.core_1.14.0.20191209-1925.jar:na]
	at org.eclipse.m2e.core.internal.embedder.MavenExecutionContext.execute(MavenExecutionContext.java:101) ~[org.eclipse.m2e.core_1.14.0.20191209-1925.jar:na]
	at org.eclipse.m2e.core.internal.embedder.MavenImpl.resolve(MavenImpl.java:773) ~[org.eclipse.m2e.core_1.14.0.20191209-1925.jar:na]
	at org.eclipse.m2e.core.internal.embedder.MavenImpl.resolve(MavenImpl.java:750) ~[org.eclipse.m2e.core_1.14.0.20191209-1925.jar:na]
	at org.eclipse.m2e.jdt.internal.DownloadSourcesJob.download(DownloadSourcesJob.java:330) [org.eclipse.m2e.jdt_1.14.0.20191209-1925.jar:na]
	at org.eclipse.m2e.jdt.internal.DownloadSourcesJob.downloadAttachments(DownloadSourcesJob.java:304) [org.eclipse.m2e.jdt_1.14.0.20191209-1925.jar:na]
	at org.eclipse.m2e.jdt.internal.DownloadSourcesJob.downloadMaven(DownloadSourcesJob.java:269) [org.eclipse.m2e.jdt_1.14.0.20191209-1925.jar:na]
	at org.eclipse.m2e.jdt.internal.DownloadSourcesJob.downloadFilesAndPopulateToUpdate(DownloadSourcesJob.java:233) [org.eclipse.m2e.jdt_1.14.0.20191209-1925.jar:na]
	at org.eclipse.m2e.jdt.internal.DownloadSourcesJob.lambda$0(DownloadSourcesJob.java:161) [org.eclipse.m2e.jdt_1.14.0.20191209-1925.jar:na]
	at org.eclipse.m2e.core.internal.embedder.MavenExecutionContext.executeBare(MavenExecutionContext.java:179) ~[org.eclipse.m2e.core_1.14.0.20191209-1925.jar:na]
	at org.eclipse.m2e.core.internal.embedder.MavenExecutionContext.execute(MavenExecutionContext.java:153) ~[org.eclipse.m2e.core_1.14.0.20191209-1925.jar:na]
	at org.eclipse.m2e.core.internal.embedder.MavenExecutionContext.execute(MavenExecutionContext.java:101) ~[org.eclipse.m2e.core_1.14.0.20191209-1925.jar:na]
	at org.eclipse.m2e.core.internal.embedder.MavenImpl.execute(MavenImpl.java:1375) ~[org.eclipse.m2e.core_1.14.0.20191209-1925.jar:na]
	at org.eclipse.m2e.jdt.internal.DownloadSourcesJob.run(DownloadSourcesJob.java:161) [org.eclipse.m2e.jdt_1.14.0.20191209-1925.jar:na]
	at org.eclipse.core.internal.jobs.Worker.run(Worker.java:63) ~[org.eclipse.core.jobs_3.10.600.v20191122-2104.jar:na]
2021-01-09 13:18:05,436 [Worker-6: Download sources and javadoc] INFO  o.e.m.c.i.e.AbstractTransferListenerAdapter - Downloaded http://maven.vaadin.com/vaadin-addons/com/vaadin/external/atmosphere/atmosphere-runtime/2.2.13.vaadin1/atmosphere-runtime-2.2.13.vaadin1-sources.jar
2021-01-09 13:18:05,615 [Worker-18: Building] INFO  o.e.m.c.i.e.AbstractTransferListenerAdapter - Downloaded https://repo.maven.apache.org/maven2/com/vaadin/vaadin-client/7.7.17/vaadin-client-7.7.17.jar
2021-01-09 13:18:05,719 [Worker-6: Download sources and javadoc] INFO  o.e.m.c.i.e.AbstractTransferListenerAdapter - Downloading https://repo.maven.apache.org/maven2/com/vaadin/external/atmosphere/atmosphere-runtime/2.2.13.vaadin1/atmosphere-runtime-2.2.13.vaadin1-sources.jar
2021-01-09 13:18:05,841 [Worker-18: Building] INFO  o.e.m.c.i.embedder.EclipseLogger - Using com.vaadin:vaadin-client version 7.7.17
2021-01-09 13:18:05,891 [Worker-6: Download sources and javadoc] INFO  o.e.m.c.i.e.AbstractTransferListenerAdapter - Downloaded https://repo.maven.apache.org/maven2/com/vaadin/external/atmosphere/atmosphere-runtime/2.2.13.vaadin1/atmosphere-runtime-2.2.13.vaadin1-sources.jar
2021-01-09 13:18:05,967 [Worker-18: Building] INFO  o.e.m.c.i.e.AbstractTransferListenerAdapter - Downloaded http://maven.vaadin.com/vaadin-addons/com/vaadin/vaadin-client/7.7.17/vaadin-client-7.7.17.pom
2021-01-09 13:18:05,978 [Worker-18: Building] INFO  o.e.m.c.i.e.AbstractTransferListenerAdapter - Downloading https://repo.maven.apache.org/maven2/com/vaadin/vaadin-client/7.7.17/vaadin-client-7.7.17.pom
2021-01-09 13:18:05,988 [Worker-18: Building] INFO  o.e.m.c.i.e.AbstractTransferListenerAdapter - Downloaded https://repo.maven.apache.org/maven2/com/vaadin/vaadin-client/7.7.17/vaadin-client-7.7.17.pom
2021-01-09 13:18:06,007 [Worker-6: Download sources and javadoc] INFO  o.e.m.j.internal.DownloadSourcesJob - Downloaded sources for com.vaadin.external.atmosphere:atmosphere-runtime:2.2.13.vaadin1
2021-01-09 13:18:06,173 [Worker-18: Building] INFO  o.e.m.c.i.e.AbstractTransferListenerAdapter - Downloaded http://maven.vaadin.com/vaadin-addons/com/vaadin/external/gwt/gwt-elemental/2.7.0.vaadin7/gwt-elemental-2.7.0.vaadin7.pom
2021-01-09 13:18:06,182 [Worker-18: Building] INFO  o.e.m.c.i.e.AbstractTransferListenerAdapter - Downloading https://repo.maven.apache.org/maven2/com/vaadin/external/gwt/gwt-elemental/2.7.0.vaadin7/gwt-elemental-2.7.0.vaadin7.pom
2021-01-09 13:18:06,192 [Worker-18: Building] INFO  o.e.m.c.i.e.AbstractTransferListenerAdapter - Downloaded https://repo.maven.apache.org/maven2/com/vaadin/external/gwt/gwt-elemental/2.7.0.vaadin7/gwt-elemental-2.7.0.vaadin7.pom
2021-01-09 13:18:06,260 [Worker-6: Download sources and javadoc] INFO  o.e.m.c.i.e.AbstractTransferListenerAdapter - Downloaded http://maven.vaadin.com/vaadin-addons/com/vaadin/vaadin-client-compiled/7.7.17/vaadin-client-compiled-7.7.17-sources.jar
2021-01-09 13:18:06,320 [Worker-18: Building] INFO  o.e.m.c.i.e.AbstractTransferListenerAdapter - Downloaded http://maven.vaadin.com/vaadin-addons/com/vaadin/external/gwt/gwt/2.7.0.vaadin7/gwt-2.7.0.vaadin7.pom
2021-01-09 13:18:06,329 [Worker-18: Building] INFO  o.e.m.c.i.e.AbstractTransferListenerAdapter - Downloading https://repo.maven.apache.org/maven2/com/vaadin/external/gwt/gwt/2.7.0.vaadin7/gwt-2.7.0.vaadin7.pom
2021-01-09 13:18:06,373 [Worker-18: Building] INFO  o.e.m.c.i.e.AbstractTransferListenerAdapter - Downloaded https://repo.maven.apache.org/maven2/com/vaadin/external/gwt/gwt/2.7.0.vaadin7/gwt-2.7.0.vaadin7.pom
2021-01-09 13:18:06,422 [Worker-6: Download sources and javadoc] INFO  o.e.m.c.i.e.AbstractTransferListenerAdapter - Downloaded https://repo.maven.apache.org/maven2/com/vaadin/vaadin-client-compiled/7.7.17/vaadin-client-compiled-7.7.17-sources.jar
2021-01-09 13:18:06,425 [Worker-6: Download sources and javadoc] ERROR o.e.m.j.internal.DownloadSourcesJob - Could not download sources for com.vaadin:vaadin-client-compiled:7.7.17
org.eclipse.core.runtime.CoreException: Could not resolve artifact com.vaadin:vaadin-client-compiled:jar:sources:7.7.17
	at org.eclipse.m2e.core.internal.embedder.MavenImpl.lambda$4(MavenImpl.java:805) ~[org.eclipse.m2e.core_1.14.0.20191209-1925.jar:na]
	at org.eclipse.m2e.core.internal.embedder.MavenExecutionContext.executeBare(MavenExecutionContext.java:179) ~[org.eclipse.m2e.core_1.14.0.20191209-1925.jar:na]
	at org.eclipse.m2e.core.internal.embedder.MavenExecutionContext.execute(MavenExecutionContext.java:114) ~[org.eclipse.m2e.core_1.14.0.20191209-1925.jar:na]
	at org.eclipse.m2e.core.internal.embedder.MavenExecutionContext.execute(MavenExecutionContext.java:101) ~[org.eclipse.m2e.core_1.14.0.20191209-1925.jar:na]
	at org.eclipse.m2e.core.internal.embedder.MavenImpl.resolve(MavenImpl.java:773) ~[org.eclipse.m2e.core_1.14.0.20191209-1925.jar:na]
	at org.eclipse.m2e.core.internal.embedder.MavenImpl.resolve(MavenImpl.java:750) ~[org.eclipse.m2e.core_1.14.0.20191209-1925.jar:na]
	at org.eclipse.m2e.jdt.internal.DownloadSourcesJob.download(DownloadSourcesJob.java:330) [org.eclipse.m2e.jdt_1.14.0.20191209-1925.jar:na]
	at org.eclipse.m2e.jdt.internal.DownloadSourcesJob.downloadAttachments(DownloadSourcesJob.java:304) [org.eclipse.m2e.jdt_1.14.0.20191209-1925.jar:na]
	at org.eclipse.m2e.jdt.internal.DownloadSourcesJob.downloadMaven(DownloadSourcesJob.java:269) [org.eclipse.m2e.jdt_1.14.0.20191209-1925.jar:na]
	at org.eclipse.m2e.jdt.internal.DownloadSourcesJob.downloadFilesAndPopulateToUpdate(DownloadSourcesJob.java:233) [org.eclipse.m2e.jdt_1.14.0.20191209-1925.jar:na]
	at org.eclipse.m2e.jdt.internal.DownloadSourcesJob.lambda$0(DownloadSourcesJob.java:161) [org.eclipse.m2e.jdt_1.14.0.20191209-1925.jar:na]
	at org.eclipse.m2e.core.internal.embedder.MavenExecutionContext.executeBare(MavenExecutionContext.java:179) ~[org.eclipse.m2e.core_1.14.0.20191209-1925.jar:na]
	at org.eclipse.m2e.core.internal.embedder.MavenExecutionContext.execute(MavenExecutionContext.java:153) ~[org.eclipse.m2e.core_1.14.0.20191209-1925.jar:na]
	at org.eclipse.m2e.core.internal.embedder.MavenExecutionContext.execute(MavenExecutionContext.java:101) ~[org.eclipse.m2e.core_1.14.0.20191209-1925.jar:na]
	at org.eclipse.m2e.core.internal.embedder.MavenImpl.execute(MavenImpl.java:1375) ~[org.eclipse.m2e.core_1.14.0.20191209-1925.jar:na]
	at org.eclipse.m2e.jdt.internal.DownloadSourcesJob.run(DownloadSourcesJob.java:161) [org.eclipse.m2e.jdt_1.14.0.20191209-1925.jar:na]
	at org.eclipse.core.internal.jobs.Worker.run(Worker.java:63) ~[org.eclipse.core.jobs_3.10.600.v20191122-2104.jar:na]
2021-01-09 13:18:06,524 [Worker-18: Building] INFO  o.e.m.c.i.e.AbstractTransferListenerAdapter - Downloaded http://maven.vaadin.com/vaadin-addons/com/vaadin/external/gwt/web/bindery/requestfactory/2.7.0.vaadin7/requestfactory-2.7.0.vaadin7.pom
2021-01-09 13:18:06,534 [Worker-18: Building] INFO  o.e.m.c.i.e.AbstractTransferListenerAdapter - Downloading https://repo.maven.apache.org/maven2/com/vaadin/external/gwt/web/bindery/requestfactory/2.7.0.vaadin7/requestfactory-2.7.0.vaadin7.pom
2021-01-09 13:18:06,552 [Worker-18: Building] INFO  o.e.m.c.i.e.AbstractTransferListenerAdapter - Downloaded https://repo.maven.apache.org/maven2/com/vaadin/external/gwt/web/bindery/requestfactory/2.7.0.vaadin7/requestfactory-2.7.0.vaadin7.pom
2021-01-09 13:18:06,668 [Worker-6: Download sources and javadoc] INFO  o.e.m.c.i.e.AbstractTransferListenerAdapter - Downloaded http://maven.vaadin.com/vaadin-addons/com/vaadin/vaadin-themes/7.7.17/vaadin-themes-7.7.17-sources.jar
2021-01-09 13:18:06,696 [Worker-18: Building] INFO  o.e.m.c.i.e.AbstractTransferListenerAdapter - Downloaded http://maven.vaadin.com/vaadin-addons/com/vaadin/external/gwt/gwt-user/2.7.0.vaadin7/gwt-user-2.7.0.vaadin7.pom
2021-01-09 13:18:06,704 [Worker-18: Building] INFO  o.e.m.c.i.e.AbstractTransferListenerAdapter - Downloading https://repo.maven.apache.org/maven2/com/vaadin/external/gwt/gwt-user/2.7.0.vaadin7/gwt-user-2.7.0.vaadin7.pom
2021-01-09 13:18:06,716 [Worker-18: Building] INFO  o.e.m.c.i.e.AbstractTransferListenerAdapter - Downloaded https://repo.maven.apache.org/maven2/com/vaadin/external/gwt/gwt-user/2.7.0.vaadin7/gwt-user-2.7.0.vaadin7.pom
2021-01-09 13:18:06,822 [Worker-6: Download sources and javadoc] INFO  o.e.m.c.i.e.AbstractTransferListenerAdapter - Downloaded https://repo.maven.apache.org/maven2/com/vaadin/vaadin-themes/7.7.17/vaadin-themes-7.7.17-sources.jar
2021-01-09 13:18:06,825 [Worker-6: Download sources and javadoc] ERROR o.e.m.j.internal.DownloadSourcesJob - Could not download sources for com.vaadin:vaadin-themes:7.7.17
org.eclipse.core.runtime.CoreException: Could not resolve artifact com.vaadin:vaadin-themes:jar:sources:7.7.17
	at org.eclipse.m2e.core.internal.embedder.MavenImpl.lambda$4(MavenImpl.java:805) ~[org.eclipse.m2e.core_1.14.0.20191209-1925.jar:na]
	at org.eclipse.m2e.core.internal.embedder.MavenExecutionContext.executeBare(MavenExecutionContext.java:179) ~[org.eclipse.m2e.core_1.14.0.20191209-1925.jar:na]
	at org.eclipse.m2e.core.internal.embedder.MavenExecutionContext.execute(MavenExecutionContext.java:114) ~[org.eclipse.m2e.core_1.14.0.20191209-1925.jar:na]
	at org.eclipse.m2e.core.internal.embedder.MavenExecutionContext.execute(MavenExecutionContext.java:101) ~[org.eclipse.m2e.core_1.14.0.20191209-1925.jar:na]
	at org.eclipse.m2e.core.internal.embedder.MavenImpl.resolve(MavenImpl.java:773) ~[org.eclipse.m2e.core_1.14.0.20191209-1925.jar:na]
	at org.eclipse.m2e.core.internal.embedder.MavenImpl.resolve(MavenImpl.java:750) ~[org.eclipse.m2e.core_1.14.0.20191209-1925.jar:na]
	at org.eclipse.m2e.jdt.internal.DownloadSourcesJob.download(DownloadSourcesJob.java:330) [org.eclipse.m2e.jdt_1.14.0.20191209-1925.jar:na]
	at org.eclipse.m2e.jdt.internal.DownloadSourcesJob.downloadAttachments(DownloadSourcesJob.java:304) [org.eclipse.m2e.jdt_1.14.0.20191209-1925.jar:na]
	at org.eclipse.m2e.jdt.internal.DownloadSourcesJob.downloadMaven(DownloadSourcesJob.java:269) [org.eclipse.m2e.jdt_1.14.0.20191209-1925.jar:na]
	at org.eclipse.m2e.jdt.internal.DownloadSourcesJob.downloadFilesAndPopulateToUpdate(DownloadSourcesJob.java:233) [org.eclipse.m2e.jdt_1.14.0.20191209-1925.jar:na]
	at org.eclipse.m2e.jdt.internal.DownloadSourcesJob.lambda$0(DownloadSourcesJob.java:161) [org.eclipse.m2e.jdt_1.14.0.20191209-1925.jar:na]
	at org.eclipse.m2e.core.internal.embedder.MavenExecutionContext.executeBare(MavenExecutionContext.java:179) ~[org.eclipse.m2e.core_1.14.0.20191209-1925.jar:na]
	at org.eclipse.m2e.core.internal.embedder.MavenExecutionContext.execute(MavenExecutionContext.java:153) ~[org.eclipse.m2e.core_1.14.0.20191209-1925.jar:na]
	at org.eclipse.m2e.core.internal.embedder.MavenExecutionContext.execute(MavenExecutionContext.java:101) ~[org.eclipse.m2e.core_1.14.0.20191209-1925.jar:na]
	at org.eclipse.m2e.core.internal.embedder.MavenImpl.execute(MavenImpl.java:1375) ~[org.eclipse.m2e.core_1.14.0.20191209-1925.jar:na]
	at org.eclipse.m2e.jdt.internal.DownloadSourcesJob.run(DownloadSourcesJob.java:161) [org.eclipse.m2e.jdt_1.14.0.20191209-1925.jar:na]
	at org.eclipse.core.internal.jobs.Worker.run(Worker.java:63) ~[org.eclipse.core.jobs_3.10.600.v20191122-2104.jar:na]
2021-01-09 13:18:06,865 [resolver-5] INFO  o.e.m.c.i.e.AbstractTransferListenerAdapter - Downloaded http://maven.vaadin.com/vaadin-addons/com/vaadin/external/gwt/gwt-user/2.7.0.vaadin7/gwt-user-2.7.0.vaadin7.jar
2021-01-09 13:18:06,874 [resolver-5] INFO  o.e.m.c.i.e.AbstractTransferListenerAdapter - Downloading https://repo.maven.apache.org/maven2/com/vaadin/external/gwt/gwt-user/2.7.0.vaadin7/gwt-user-2.7.0.vaadin7.jar
2021-01-09 13:18:06,978 [resolver-4] INFO  o.e.m.c.i.e.AbstractTransferListenerAdapter - Downloaded http://maven.vaadin.com/vaadin-addons/com/vaadin/external/gwt/gwt-elemental/2.7.0.vaadin7/gwt-elemental-2.7.0.vaadin7.jar
2021-01-09 13:18:07,076 [resolver-4] INFO  o.e.m.c.i.e.AbstractTransferListenerAdapter - Downloading https://repo.maven.apache.org/maven2/com/vaadin/external/gwt/gwt-elemental/2.7.0.vaadin7/gwt-elemental-2.7.0.vaadin7.jar
2021-01-09 13:18:07,488 [resolver-4] INFO  o.e.m.c.i.e.AbstractTransferListenerAdapter - Downloaded https://repo.maven.apache.org/maven2/com/vaadin/external/gwt/gwt-elemental/2.7.0.vaadin7/gwt-elemental-2.7.0.vaadin7.jar
2021-01-09 13:18:12,415 [resolver-5] INFO  o.e.m.c.i.e.AbstractTransferListenerAdapter - Downloaded https://repo.maven.apache.org/maven2/com/vaadin/external/gwt/gwt-user/2.7.0.vaadin7/gwt-user-2.7.0.vaadin7.jar
2021-01-09 13:18:12,779 [Worker-18: Building] INFO  o.e.m.c.i.e.AbstractTransferListenerAdapter - Downloaded http://maven.vaadin.com/vaadin-addons/com/vaadin/vaadin-client-compiler/7.7.17/vaadin-client-compiler-7.7.17.jar
2021-01-09 13:18:12,789 [Worker-18: Building] INFO  o.e.m.c.i.e.AbstractTransferListenerAdapter - Downloading https://repo.maven.apache.org/maven2/com/vaadin/vaadin-client-compiler/7.7.17/vaadin-client-compiler-7.7.17.jar
2021-01-09 13:18:12,817 [Worker-18: Building] INFO  o.e.m.c.i.e.AbstractTransferListenerAdapter - Downloaded https://repo.maven.apache.org/maven2/com/vaadin/vaadin-client-compiler/7.7.17/vaadin-client-compiler-7.7.17.jar
2021-01-09 13:18:12,902 [Worker-18: Building] INFO  o.e.m.c.i.embedder.EclipseLogger - Using com.vaadin:vaadin-client-compiler version 7.7.17
2021-01-09 13:18:13,018 [Worker-18: Building] INFO  o.e.m.c.i.e.AbstractTransferListenerAdapter - Downloaded http://maven.vaadin.com/vaadin-addons/com/vaadin/vaadin-client-compiler/7.7.17/vaadin-client-compiler-7.7.17.pom
2021-01-09 13:18:13,027 [Worker-18: Building] INFO  o.e.m.c.i.e.AbstractTransferListenerAdapter - Downloading https://repo.maven.apache.org/maven2/com/vaadin/vaadin-client-compiler/7.7.17/vaadin-client-compiler-7.7.17.pom
2021-01-09 13:18:13,039 [Worker-18: Building] INFO  o.e.m.c.i.e.AbstractTransferListenerAdapter - Downloaded https://repo.maven.apache.org/maven2/com/vaadin/vaadin-client-compiler/7.7.17/vaadin-client-compiler-7.7.17.pom
2021-01-09 13:18:13,187 [Worker-18: Building] INFO  o.e.m.c.i.e.AbstractTransferListenerAdapter - Downloaded http://maven.vaadin.com/vaadin-addons/com/yahoo/platform/yui/yuicompressor/2.4.8/yuicompressor-2.4.8.pom
2021-01-09 13:18:13,196 [Worker-18: Building] INFO  o.e.m.c.i.e.AbstractTransferListenerAdapter - Downloading https://repo.maven.apache.org/maven2/com/yahoo/platform/yui/yuicompressor/2.4.8/yuicompressor-2.4.8.pom
2021-01-09 13:18:13,208 [Worker-18: Building] INFO  o.e.m.c.i.e.AbstractTransferListenerAdapter - Downloaded https://repo.maven.apache.org/maven2/com/yahoo/platform/yui/yuicompressor/2.4.8/yuicompressor-2.4.8.pom
2021-01-09 13:18:13,332 [Worker-18: Building] INFO  o.e.m.c.i.e.AbstractTransferListenerAdapter - Downloaded http://maven.vaadin.com/vaadin-addons/rhino/js/1.7R2/js-1.7R2.pom
2021-01-09 13:18:13,341 [Worker-18: Building] INFO  o.e.m.c.i.e.AbstractTransferListenerAdapter - Downloading https://repo.maven.apache.org/maven2/rhino/js/1.7R2/js-1.7R2.pom
2021-01-09 13:18:13,352 [Worker-18: Building] INFO  o.e.m.c.i.e.AbstractTransferListenerAdapter - Downloaded https://repo.maven.apache.org/maven2/rhino/js/1.7R2/js-1.7R2.pom
2021-01-09 13:18:13,475 [Worker-18: Building] INFO  o.e.m.c.i.e.AbstractTransferListenerAdapter - Downloaded http://maven.vaadin.com/vaadin-addons/com/vaadin/external/gwt/gwt-dev/2.7.0.vaadin7/gwt-dev-2.7.0.vaadin7.pom
2021-01-09 13:18:13,484 [Worker-18: Building] INFO  o.e.m.c.i.e.AbstractTransferListenerAdapter - Downloading https://repo.maven.apache.org/maven2/com/vaadin/external/gwt/gwt-dev/2.7.0.vaadin7/gwt-dev-2.7.0.vaadin7.pom
2021-01-09 13:18:13,494 [Worker-18: Building] INFO  o.e.m.c.i.e.AbstractTransferListenerAdapter - Downloaded https://repo.maven.apache.org/maven2/com/vaadin/external/gwt/gwt-dev/2.7.0.vaadin7/gwt-dev-2.7.0.vaadin7.pom
2021-01-09 13:18:13,685 [resolver-2] INFO  o.e.m.c.i.e.AbstractTransferListenerAdapter - Downloaded http://maven.vaadin.com/vaadin-addons/com/vaadin/external/gwt/gwt-dev/2.7.0.vaadin7/gwt-dev-2.7.0.vaadin7.jar
2021-01-09 13:18:13,689 [resolver-4] INFO  o.e.m.c.i.e.AbstractTransferListenerAdapter - Downloaded http://maven.vaadin.com/vaadin-addons/rhino/js/1.7R2/js-1.7R2.jar
2021-01-09 13:18:13,694 [resolver-2] INFO  o.e.m.c.i.e.AbstractTransferListenerAdapter - Downloading https://repo.maven.apache.org/maven2/com/vaadin/external/gwt/gwt-dev/2.7.0.vaadin7/gwt-dev-2.7.0.vaadin7.jar
2021-01-09 13:18:13,704 [resolver-4] INFO  o.e.m.c.i.e.AbstractTransferListenerAdapter - Downloading https://repo.maven.apache.org/maven2/rhino/js/1.7R2/js-1.7R2.jar
2021-01-09 13:18:13,794 [resolver-5] INFO  o.e.m.c.i.e.AbstractTransferListenerAdapter - Downloaded http://maven.vaadin.com/vaadin-addons/com/yahoo/platform/yui/yuicompressor/2.4.8/yuicompressor-2.4.8.jar
2021-01-09 13:18:13,912 [resolver-5] INFO  o.e.m.c.i.e.AbstractTransferListenerAdapter - Downloading https://repo.maven.apache.org/maven2/com/yahoo/platform/yui/yuicompressor/2.4.8/yuicompressor-2.4.8.jar
2021-01-09 13:18:13,950 [resolver-4] INFO  o.e.m.c.i.e.AbstractTransferListenerAdapter - Downloaded https://repo.maven.apache.org/maven2/rhino/js/1.7R2/js-1.7R2.jar
2021-01-09 13:18:14,172 [resolver-5] INFO  o.e.m.c.i.e.AbstractTransferListenerAdapter - Downloaded https://repo.maven.apache.org/maven2/com/yahoo/platform/yui/yuicompressor/2.4.8/yuicompressor-2.4.8.jar
2021-01-09 13:18:20,690 [resolver-2] INFO  o.e.m.c.i.e.AbstractTransferListenerAdapter - Downloaded https://repo.maven.apache.org/maven2/com/vaadin/external/gwt/gwt-dev/2.7.0.vaadin7/gwt-dev-2.7.0.vaadin7.jar
2021-01-09 13:18:21,073 [Thread-22] INFO  o.e.m.c.i.embedder.EclipseLogger - Widgetsets found from classpath:
2021-01-09 13:18:21,073 [Thread-22] INFO  o.e.m.c.i.embedder.EclipseLogger - 	com.vaadin.DefaultWidgetSet in jar:file:C:/Users/vitiu/.m2/repository/com/vaadin/vaadin-client/7.7.17/vaadin-client-7.7.17.jar!/
2021-01-09 13:18:21,073 [Thread-22] INFO  o.e.m.c.i.embedder.EclipseLogger - Addon styles found from classpath:
2021-01-09 13:18:21,073 [Thread-22] INFO  o.e.m.c.i.embedder.EclipseLogger - 
2021-01-09 13:18:21,074 [Thread-22] INFO  o.e.m.c.i.embedder.EclipseLogger - Search took 7ms
2021-01-09 13:18:21,097 [Worker-18: Building] INFO  o.e.m.c.i.embedder.EclipseLogger - Updating theme VAADIN\themes\mytheme
2021-01-09 13:18:23,371 [Worker-18: Building] INFO  o.e.m.c.i.embedder.EclipseLogger - Theme "VAADIN\themes\mytheme" compiled
2021-01-09 13:18:23,487 [Worker-18: Building] INFO  o.e.m.c.i.embedder.EclipseLogger - Using 'UTF-8' encoding to copy filtered resources.
2021-01-09 13:18:23,488 [Worker-18: Building] INFO  o.e.m.c.i.embedder.EclipseLogger - Copying 1 resource
2021-01-09 13:18:23,505 [Worker-18: Building] WARN  o.e.m.c.i.embedder.EclipseLogger - GWT plugin is configured to detect modules, but none were found.
2021-01-09 13:18:23,507 [Worker-18: Building] INFO  o.e.m.c.i.embedder.EclipseLogger - Using com.vaadin:vaadin-client version 7.7.17
2021-01-09 13:18:23,514 [Worker-18: Building] INFO  o.e.m.c.i.embedder.EclipseLogger - Using com.vaadin:vaadin-client-compiler version 7.7.17
2021-01-09 13:18:23,526 [Worker-18: Building] INFO  o.e.m.c.i.embedder.EclipseLogger - Using 'UTF-8' encoding to copy filtered resources.
2021-01-09 13:18:23,526 [Worker-18: Building] INFO  o.e.m.c.i.embedder.EclipseLogger - skip non existing resourceDirectory D:\UFV\Cuarto\Primer cuatrimestre\TAP\Gestion_ascensores\Ascensores\src\test\resources
2021-01-09 13:18:24,755 [Worker-7: Building] INFO  o.e.m.c.i.embedder.EclipseLogger - Using 'UTF-8' encoding to copy filtered resources.
2021-01-09 13:18:24,758 [Worker-7: Building] INFO  o.e.m.c.i.embedder.EclipseLogger - Copying 1 resource
2021-01-09 13:18:24,767 [Worker-7: Building] WARN  o.e.m.c.i.embedder.EclipseLogger - GWT plugin is configured to detect modules, but none were found.
2021-01-09 13:18:24,769 [Worker-7: Building] INFO  o.e.m.c.i.embedder.EclipseLogger - Using com.vaadin:vaadin-client version 7.7.17
2021-01-09 13:18:24,776 [Worker-7: Building] INFO  o.e.m.c.i.embedder.EclipseLogger - Using com.vaadin:vaadin-client-compiler version 7.7.17
2021-01-09 13:18:24,789 [Worker-7: Building] INFO  o.e.m.c.i.embedder.EclipseLogger - Using 'UTF-8' encoding to copy filtered resources.
2021-01-09 13:18:24,789 [Worker-7: Building] INFO  o.e.m.c.i.embedder.EclipseLogger - skip non existing resourceDirectory D:\UFV\Cuarto\Primer cuatrimestre\TAP\Gestion_ascensores\Ascensores\src\test\resources
2021-01-09 13:18:24,914 [Worker-19: Download sources and javadoc] INFO  o.e.m.c.i.e.AbstractTransferListenerAdapter - Downloaded http://maven.vaadin.com/vaadin-addons/com/vaadin/vaadin-push/7.7.17/vaadin-push-7.7.17-javadoc.jar
2021-01-09 13:18:25,083 [Worker-19: Download sources and javadoc] INFO  o.e.m.c.i.e.AbstractTransferListenerAdapter - Downloaded https://repo.maven.apache.org/maven2/com/vaadin/vaadin-push/7.7.17/vaadin-push-7.7.17-javadoc.jar
2021-01-09 13:18:25,085 [Worker-19: Download sources and javadoc] ERROR o.e.m.j.internal.DownloadSourcesJob - Could not download javadoc for com.vaadin:vaadin-push:7.7.17
org.eclipse.core.runtime.CoreException: Could not resolve artifact com.vaadin:vaadin-push:jar:javadoc:7.7.17
	at org.eclipse.m2e.core.internal.embedder.MavenImpl.lambda$4(MavenImpl.java:805) ~[org.eclipse.m2e.core_1.14.0.20191209-1925.jar:na]
	at org.eclipse.m2e.core.internal.embedder.MavenExecutionContext.executeBare(MavenExecutionContext.java:179) ~[org.eclipse.m2e.core_1.14.0.20191209-1925.jar:na]
	at org.eclipse.m2e.core.internal.embedder.MavenExecutionContext.execute(MavenExecutionContext.java:114) ~[org.eclipse.m2e.core_1.14.0.20191209-1925.jar:na]
	at org.eclipse.m2e.core.internal.embedder.MavenExecutionContext.execute(MavenExecutionContext.java:101) ~[org.eclipse.m2e.core_1.14.0.20191209-1925.jar:na]
	at org.eclipse.m2e.core.internal.embedder.MavenImpl.resolve(MavenImpl.java:773) ~[org.eclipse.m2e.core_1.14.0.20191209-1925.jar:na]
	at org.eclipse.m2e.core.internal.embedder.MavenImpl.resolve(MavenImpl.java:750) ~[org.eclipse.m2e.core_1.14.0.20191209-1925.jar:na]
	at org.eclipse.m2e.jdt.internal.DownloadSourcesJob.download(DownloadSourcesJob.java:330) [org.eclipse.m2e.jdt_1.14.0.20191209-1925.jar:na]
	at org.eclipse.m2e.jdt.internal.DownloadSourcesJob.downloadAttachments(DownloadSourcesJob.java:316) [org.eclipse.m2e.jdt_1.14.0.20191209-1925.jar:na]
	at org.eclipse.m2e.jdt.internal.DownloadSourcesJob.downloadMaven(DownloadSourcesJob.java:269) [org.eclipse.m2e.jdt_1.14.0.20191209-1925.jar:na]
	at org.eclipse.m2e.jdt.internal.DownloadSourcesJob.downloadFilesAndPopulateToUpdate(DownloadSourcesJob.java:233) [org.eclipse.m2e.jdt_1.14.0.20191209-1925.jar:na]
	at org.eclipse.m2e.jdt.internal.DownloadSourcesJob.lambda$0(DownloadSourcesJob.java:161) [org.eclipse.m2e.jdt_1.14.0.20191209-1925.jar:na]
	at org.eclipse.m2e.core.internal.embedder.MavenExecutionContext.executeBare(MavenExecutionContext.java:179) ~[org.eclipse.m2e.core_1.14.0.20191209-1925.jar:na]
	at org.eclipse.m2e.core.internal.embedder.MavenExecutionContext.execute(MavenExecutionContext.java:153) ~[org.eclipse.m2e.core_1.14.0.20191209-1925.jar:na]
	at org.eclipse.m2e.core.internal.embedder.MavenExecutionContext.execute(MavenExecutionContext.java:101) ~[org.eclipse.m2e.core_1.14.0.20191209-1925.jar:na]
	at org.eclipse.m2e.core.internal.embedder.MavenImpl.execute(MavenImpl.java:1375) ~[org.eclipse.m2e.core_1.14.0.20191209-1925.jar:na]
	at org.eclipse.m2e.jdt.internal.DownloadSourcesJob.run(DownloadSourcesJob.java:161) [org.eclipse.m2e.jdt_1.14.0.20191209-1925.jar:na]
	at org.eclipse.core.internal.jobs.Worker.run(Worker.java:63) ~[org.eclipse.core.jobs_3.10.600.v20191122-2104.jar:na]
2021-01-09 13:18:25,318 [Worker-19: Download sources and javadoc] INFO  o.e.m.c.i.e.AbstractTransferListenerAdapter - Downloaded http://maven.vaadin.com/vaadin-addons/com/vaadin/vaadin-client-compiled/7.7.17/vaadin-client-compiled-7.7.17-javadoc.jar
2021-01-09 13:18:25,467 [Worker-19: Download sources and javadoc] INFO  o.e.m.c.i.e.AbstractTransferListenerAdapter - Downloaded https://repo.maven.apache.org/maven2/com/vaadin/vaadin-client-compiled/7.7.17/vaadin-client-compiled-7.7.17-javadoc.jar
2021-01-09 13:18:25,469 [Worker-19: Download sources and javadoc] ERROR o.e.m.j.internal.DownloadSourcesJob - Could not download javadoc for com.vaadin:vaadin-client-compiled:7.7.17
org.eclipse.core.runtime.CoreException: Could not resolve artifact com.vaadin:vaadin-client-compiled:jar:javadoc:7.7.17
	at org.eclipse.m2e.core.internal.embedder.MavenImpl.lambda$4(MavenImpl.java:805) ~[org.eclipse.m2e.core_1.14.0.20191209-1925.jar:na]
	at org.eclipse.m2e.core.internal.embedder.MavenExecutionContext.executeBare(MavenExecutionContext.java:179) ~[org.eclipse.m2e.core_1.14.0.20191209-1925.jar:na]
	at org.eclipse.m2e.core.internal.embedder.MavenExecutionContext.execute(MavenExecutionContext.java:114) ~[org.eclipse.m2e.core_1.14.0.20191209-1925.jar:na]
	at org.eclipse.m2e.core.internal.embedder.MavenExecutionContext.execute(MavenExecutionContext.java:101) ~[org.eclipse.m2e.core_1.14.0.20191209-1925.jar:na]
	at org.eclipse.m2e.core.internal.embedder.MavenImpl.resolve(MavenImpl.java:773) ~[org.eclipse.m2e.core_1.14.0.20191209-1925.jar:na]
	at org.eclipse.m2e.core.internal.embedder.MavenImpl.resolve(MavenImpl.java:750) ~[org.eclipse.m2e.core_1.14.0.20191209-1925.jar:na]
	at org.eclipse.m2e.jdt.internal.DownloadSourcesJob.download(DownloadSourcesJob.java:330) [org.eclipse.m2e.jdt_1.14.0.20191209-1925.jar:na]
	at org.eclipse.m2e.jdt.internal.DownloadSourcesJob.downloadAttachments(DownloadSourcesJob.java:316) [org.eclipse.m2e.jdt_1.14.0.20191209-1925.jar:na]
	at org.eclipse.m2e.jdt.internal.DownloadSourcesJob.downloadMaven(DownloadSourcesJob.java:269) [org.eclipse.m2e.jdt_1.14.0.20191209-1925.jar:na]
	at org.eclipse.m2e.jdt.internal.DownloadSourcesJob.downloadFilesAndPopulateToUpdate(DownloadSourcesJob.java:233) [org.eclipse.m2e.jdt_1.14.0.20191209-1925.jar:na]
	at org.eclipse.m2e.jdt.internal.DownloadSourcesJob.lambda$0(DownloadSourcesJob.java:161) [org.eclipse.m2e.jdt_1.14.0.20191209-1925.jar:na]
	at org.eclipse.m2e.core.internal.embedder.MavenExecutionContext.executeBare(MavenExecutionContext.java:179) ~[org.eclipse.m2e.core_1.14.0.20191209-1925.jar:na]
	at org.eclipse.m2e.core.internal.embedder.MavenExecutionContext.execute(MavenExecutionContext.java:153) ~[org.eclipse.m2e.core_1.14.0.20191209-1925.jar:na]
	at org.eclipse.m2e.core.internal.embedder.MavenExecutionContext.execute(MavenExecutionContext.java:101) ~[org.eclipse.m2e.core_1.14.0.20191209-1925.jar:na]
	at org.eclipse.m2e.core.internal.embedder.MavenImpl.execute(MavenImpl.java:1375) ~[org.eclipse.m2e.core_1.14.0.20191209-1925.jar:na]
	at org.eclipse.m2e.jdt.internal.DownloadSourcesJob.run(DownloadSourcesJob.java:161) [org.eclipse.m2e.jdt_1.14.0.20191209-1925.jar:na]
	at org.eclipse.core.internal.jobs.Worker.run(Worker.java:63) ~[org.eclipse.core.jobs_3.10.600.v20191122-2104.jar:na]
2021-01-09 13:18:25,699 [Worker-19: Download sources and javadoc] INFO  o.e.m.c.i.e.AbstractTransferListenerAdapter - Downloaded http://maven.vaadin.com/vaadin-addons/com/vaadin/vaadin-themes/7.7.17/vaadin-themes-7.7.17-javadoc.jar
2021-01-09 13:18:25,857 [Worker-19: Download sources and javadoc] INFO  o.e.m.c.i.e.AbstractTransferListenerAdapter - Downloaded https://repo.maven.apache.org/maven2/com/vaadin/vaadin-themes/7.7.17/vaadin-themes-7.7.17-javadoc.jar
2021-01-09 13:18:25,859 [Worker-19: Download sources and javadoc] ERROR o.e.m.j.internal.DownloadSourcesJob - Could not download javadoc for com.vaadin:vaadin-themes:7.7.17
org.eclipse.core.runtime.CoreException: Could not resolve artifact com.vaadin:vaadin-themes:jar:javadoc:7.7.17
	at org.eclipse.m2e.core.internal.embedder.MavenImpl.lambda$4(MavenImpl.java:805) ~[org.eclipse.m2e.core_1.14.0.20191209-1925.jar:na]
	at org.eclipse.m2e.core.internal.embedder.MavenExecutionContext.executeBare(MavenExecutionContext.java:179) ~[org.eclipse.m2e.core_1.14.0.20191209-1925.jar:na]
	at org.eclipse.m2e.core.internal.embedder.MavenExecutionContext.execute(MavenExecutionContext.java:114) ~[org.eclipse.m2e.core_1.14.0.20191209-1925.jar:na]
	at org.eclipse.m2e.core.internal.embedder.MavenExecutionContext.execute(MavenExecutionContext.java:101) ~[org.eclipse.m2e.core_1.14.0.20191209-1925.jar:na]
	at org.eclipse.m2e.core.internal.embedder.MavenImpl.resolve(MavenImpl.java:773) ~[org.eclipse.m2e.core_1.14.0.20191209-1925.jar:na]
	at org.eclipse.m2e.core.internal.embedder.MavenImpl.resolve(MavenImpl.java:750) ~[org.eclipse.m2e.core_1.14.0.20191209-1925.jar:na]
	at org.eclipse.m2e.jdt.internal.DownloadSourcesJob.download(DownloadSourcesJob.java:330) [org.eclipse.m2e.jdt_1.14.0.20191209-1925.jar:na]
	at org.eclipse.m2e.jdt.internal.DownloadSourcesJob.downloadAttachments(DownloadSourcesJob.java:316) [org.eclipse.m2e.jdt_1.14.0.20191209-1925.jar:na]
	at org.eclipse.m2e.jdt.internal.DownloadSourcesJob.downloadMaven(DownloadSourcesJob.java:269) [org.eclipse.m2e.jdt_1.14.0.20191209-1925.jar:na]
	at org.eclipse.m2e.jdt.internal.DownloadSourcesJob.downloadFilesAndPopulateToUpdate(DownloadSourcesJob.java:233) [org.eclipse.m2e.jdt_1.14.0.20191209-1925.jar:na]
	at org.eclipse.m2e.jdt.internal.DownloadSourcesJob.lambda$0(DownloadSourcesJob.java:161) [org.eclipse.m2e.jdt_1.14.0.20191209-1925.jar:na]
	at org.eclipse.m2e.core.internal.embedder.MavenExecutionContext.executeBare(MavenExecutionContext.java:179) ~[org.eclipse.m2e.core_1.14.0.20191209-1925.jar:na]
	at org.eclipse.m2e.core.internal.embedder.MavenExecutionContext.execute(MavenExecutionContext.java:153) ~[org.eclipse.m2e.core_1.14.0.20191209-1925.jar:na]
	at org.eclipse.m2e.core.internal.embedder.MavenExecutionContext.execute(MavenExecutionContext.java:101) ~[org.eclipse.m2e.core_1.14.0.20191209-1925.jar:na]
	at org.eclipse.m2e.core.internal.embedder.MavenImpl.execute(MavenImpl.java:1375) ~[org.eclipse.m2e.core_1.14.0.20191209-1925.jar:na]
	at org.eclipse.m2e.jdt.internal.DownloadSourcesJob.run(DownloadSourcesJob.java:161) [org.eclipse.m2e.jdt_1.14.0.20191209-1925.jar:na]
	at org.eclipse.core.internal.jobs.Worker.run(Worker.java:63) ~[org.eclipse.core.jobs_3.10.600.v20191122-2104.jar:na]
2021-01-09 13:27:59,964 [Worker-11: Building] INFO  o.e.m.c.i.embedder.EclipseLogger - Using 'UTF-8' encoding to copy filtered resources.
2021-01-09 13:27:59,966 [Worker-11: Building] INFO  o.e.m.c.i.embedder.EclipseLogger - Copying 1 resource
2021-01-09 13:27:59,970 [Worker-11: Building] INFO  o.e.m.c.i.embedder.EclipseLogger - Using 'UTF-8' encoding to copy filtered resources.
2021-01-09 13:27:59,971 [Worker-11: Building] INFO  o.e.m.c.i.embedder.EclipseLogger - skip non existing resourceDirectory D:\UFV\Cuarto\Primer cuatrimestre\TAP\Gestion_ascensores\Ascensores\src\test\resources
2021-01-09 13:28:00,994 [Worker-14: Building] INFO  o.e.m.c.i.embedder.EclipseLogger - Using 'UTF-8' encoding to copy filtered resources.
2021-01-09 13:28:00,995 [Worker-14: Building] INFO  o.e.m.c.i.embedder.EclipseLogger - Copying 1 resource
2021-01-09 13:28:00,998 [Worker-14: Building] INFO  o.e.m.c.i.embedder.EclipseLogger - Using 'UTF-8' encoding to copy filtered resources.
2021-01-09 13:28:00,998 [Worker-14: Building] INFO  o.e.m.c.i.embedder.EclipseLogger - skip non existing resourceDirectory D:\UFV\Cuarto\Primer cuatrimestre\TAP\Gestion_ascensores\Ascensores\src\test\resources
2021-01-09 13:47:15,303 [Worker-21: Building] INFO  o.e.m.c.i.embedder.EclipseLogger - Using 'UTF-8' encoding to copy filtered resources.
2021-01-09 13:47:15,303 [Worker-21: Building] INFO  o.e.m.c.i.embedder.EclipseLogger - Copying 1 resource
2021-01-09 13:47:15,305 [Worker-21: Building] INFO  o.e.m.c.i.embedder.EclipseLogger - Using 'UTF-8' encoding to copy filtered resources.
2021-01-09 13:47:15,305 [Worker-21: Building] INFO  o.e.m.c.i.embedder.EclipseLogger - skip non existing resourceDirectory D:\UFV\Cuarto\Primer cuatrimestre\TAP\Gestion_ascensores\Ascensores\src\test\resources
2021-01-09 13:47:59,435 [Worker-24: Building] INFO  o.e.m.c.i.embedder.EclipseLogger - Using 'UTF-8' encoding to copy filtered resources.
2021-01-09 13:47:59,436 [Worker-24: Building] INFO  o.e.m.c.i.embedder.EclipseLogger - Copying 1 resource
2021-01-09 13:47:59,438 [Worker-24: Building] INFO  o.e.m.c.i.embedder.EclipseLogger - Using 'UTF-8' encoding to copy filtered resources.
2021-01-09 13:47:59,438 [Worker-24: Building] INFO  o.e.m.c.i.embedder.EclipseLogger - skip non existing resourceDirectory D:\UFV\Cuarto\Primer cuatrimestre\TAP\Gestion_ascensores\Ascensores\src\test\resources
2021-01-09 13:49:53,881 [Worker-21: Building] INFO  o.e.m.c.i.embedder.EclipseLogger - Using 'UTF-8' encoding to copy filtered resources.
2021-01-09 13:49:53,882 [Worker-21: Building] INFO  o.e.m.c.i.embedder.EclipseLogger - Copying 1 resource
2021-01-09 13:49:53,884 [Worker-21: Building] INFO  o.e.m.c.i.embedder.EclipseLogger - Using 'UTF-8' encoding to copy filtered resources.
2021-01-09 13:49:53,885 [Worker-21: Building] INFO  o.e.m.c.i.embedder.EclipseLogger - skip non existing resourceDirectory D:\UFV\Cuarto\Primer cuatrimestre\TAP\Gestion_ascensores\Ascensores\src\test\resources
2021-01-09 14:02:17,806 [Worker-21: Building] INFO  o.e.m.c.i.embedder.EclipseLogger - Using 'UTF-8' encoding to copy filtered resources.
2021-01-09 14:02:17,807 [Worker-21: Building] INFO  o.e.m.c.i.embedder.EclipseLogger - Copying 1 resource
2021-01-09 14:02:17,810 [Worker-21: Building] INFO  o.e.m.c.i.embedder.EclipseLogger - Using 'UTF-8' encoding to copy filtered resources.
2021-01-09 14:02:17,810 [Worker-21: Building] INFO  o.e.m.c.i.embedder.EclipseLogger - skip non existing resourceDirectory D:\UFV\Cuarto\Primer cuatrimestre\TAP\Gestion_ascensores\Ascensores\src\test\resources
2021-01-09 14:03:37,573 [Worker-26: Building] INFO  o.e.m.c.i.embedder.EclipseLogger - Using 'UTF-8' encoding to copy filtered resources.
2021-01-09 14:03:37,573 [Worker-26: Building] INFO  o.e.m.c.i.embedder.EclipseLogger - Copying 1 resource
2021-01-09 14:03:37,575 [Worker-26: Building] INFO  o.e.m.c.i.embedder.EclipseLogger - Using 'UTF-8' encoding to copy filtered resources.
2021-01-09 14:03:37,575 [Worker-26: Building] INFO  o.e.m.c.i.embedder.EclipseLogger - skip non existing resourceDirectory D:\UFV\Cuarto\Primer cuatrimestre\TAP\Gestion_ascensores\Ascensores\src\test\resources
2021-01-09 14:03:44,158 [Worker-25: Building] INFO  o.e.m.c.i.embedder.EclipseLogger - Using 'UTF-8' encoding to copy filtered resources.
2021-01-09 14:03:44,158 [Worker-25: Building] INFO  o.e.m.c.i.embedder.EclipseLogger - Copying 1 resource
2021-01-09 14:03:44,160 [Worker-25: Building] INFO  o.e.m.c.i.embedder.EclipseLogger - Using 'UTF-8' encoding to copy filtered resources.
2021-01-09 14:03:44,160 [Worker-25: Building] INFO  o.e.m.c.i.embedder.EclipseLogger - skip non existing resourceDirectory D:\UFV\Cuarto\Primer cuatrimestre\TAP\Gestion_ascensores\Ascensores\src\test\resources
2021-01-09 14:06:13,775 [Worker-27: Building] INFO  o.e.m.c.i.embedder.EclipseLogger - Using 'UTF-8' encoding to copy filtered resources.
2021-01-09 14:06:13,775 [Worker-27: Building] INFO  o.e.m.c.i.embedder.EclipseLogger - Copying 1 resource
2021-01-09 14:06:13,778 [Worker-27: Building] INFO  o.e.m.c.i.embedder.EclipseLogger - Using 'UTF-8' encoding to copy filtered resources.
2021-01-09 14:06:13,778 [Worker-27: Building] INFO  o.e.m.c.i.embedder.EclipseLogger - skip non existing resourceDirectory D:\UFV\Cuarto\Primer cuatrimestre\TAP\Gestion_ascensores\Ascensores\src\test\resources
2021-01-09 14:09:21,958 [Worker-24: Building] INFO  o.e.m.c.i.embedder.EclipseLogger - Using 'UTF-8' encoding to copy filtered resources.
2021-01-09 14:09:21,958 [Worker-24: Building] INFO  o.e.m.c.i.embedder.EclipseLogger - Copying 1 resource
2021-01-09 14:09:21,960 [Worker-24: Building] INFO  o.e.m.c.i.embedder.EclipseLogger - Using 'UTF-8' encoding to copy filtered resources.
2021-01-09 14:09:21,960 [Worker-24: Building] INFO  o.e.m.c.i.embedder.EclipseLogger - skip non existing resourceDirectory D:\UFV\Cuarto\Primer cuatrimestre\TAP\Gestion_ascensores\Ascensores\src\test\resources
2021-01-09 14:11:32,276 [Worker-21: Building] INFO  o.e.m.c.i.embedder.EclipseLogger - Using 'UTF-8' encoding to copy filtered resources.
2021-01-09 14:11:32,276 [Worker-21: Building] INFO  o.e.m.c.i.embedder.EclipseLogger - Copying 1 resource
2021-01-09 14:11:32,278 [Worker-21: Building] INFO  o.e.m.c.i.embedder.EclipseLogger - Using 'UTF-8' encoding to copy filtered resources.
2021-01-09 14:11:32,278 [Worker-21: Building] INFO  o.e.m.c.i.embedder.EclipseLogger - skip non existing resourceDirectory D:\UFV\Cuarto\Primer cuatrimestre\TAP\Gestion_ascensores\Ascensores\src\test\resources
2021-01-09 14:12:53,713 [Worker-25: Building] INFO  o.e.m.c.i.embedder.EclipseLogger - Using 'UTF-8' encoding to copy filtered resources.
2021-01-09 14:12:53,713 [Worker-25: Building] INFO  o.e.m.c.i.embedder.EclipseLogger - Copying 1 resource
2021-01-09 14:12:53,715 [Worker-25: Building] INFO  o.e.m.c.i.embedder.EclipseLogger - Using 'UTF-8' encoding to copy filtered resources.
2021-01-09 14:12:53,715 [Worker-25: Building] INFO  o.e.m.c.i.embedder.EclipseLogger - skip non existing resourceDirectory D:\UFV\Cuarto\Primer cuatrimestre\TAP\Gestion_ascensores\Ascensores\src\test\resources
2021-01-09 14:14:50,402 [Worker-23: Building] INFO  o.e.m.c.i.embedder.EclipseLogger - Using 'UTF-8' encoding to copy filtered resources.
2021-01-09 14:14:50,403 [Worker-23: Building] INFO  o.e.m.c.i.embedder.EclipseLogger - Copying 1 resource
2021-01-09 14:14:50,405 [Worker-23: Building] INFO  o.e.m.c.i.embedder.EclipseLogger - Using 'UTF-8' encoding to copy filtered resources.
2021-01-09 14:14:50,405 [Worker-23: Building] INFO  o.e.m.c.i.embedder.EclipseLogger - skip non existing resourceDirectory D:\UFV\Cuarto\Primer cuatrimestre\TAP\Gestion_ascensores\Ascensores\src\test\resources
2021-01-09 14:15:42,876 [Worker-24: Building] INFO  o.e.m.c.i.embedder.EclipseLogger - Using 'UTF-8' encoding to copy filtered resources.
2021-01-09 14:15:42,877 [Worker-24: Building] INFO  o.e.m.c.i.embedder.EclipseLogger - Copying 1 resource
2021-01-09 14:15:42,880 [Worker-24: Building] INFO  o.e.m.c.i.embedder.EclipseLogger - Using 'UTF-8' encoding to copy filtered resources.
2021-01-09 14:15:42,880 [Worker-24: Building] INFO  o.e.m.c.i.embedder.EclipseLogger - skip non existing resourceDirectory D:\UFV\Cuarto\Primer cuatrimestre\TAP\Gestion_ascensores\Ascensores\src\test\resources
2021-01-09 14:17:29,857 [Worker-25: Building] INFO  o.e.m.c.i.embedder.EclipseLogger - Using 'UTF-8' encoding to copy filtered resources.
2021-01-09 14:17:29,857 [Worker-25: Building] INFO  o.e.m.c.i.embedder.EclipseLogger - Copying 1 resource
2021-01-09 14:17:29,859 [Worker-25: Building] INFO  o.e.m.c.i.embedder.EclipseLogger - Using 'UTF-8' encoding to copy filtered resources.
2021-01-09 14:17:29,859 [Worker-25: Building] INFO  o.e.m.c.i.embedder.EclipseLogger - skip non existing resourceDirectory D:\UFV\Cuarto\Primer cuatrimestre\TAP\Gestion_ascensores\Ascensores\src\test\resources
2021-01-09 14:19:56,938 [Worker-28: Building] INFO  o.e.m.c.i.embedder.EclipseLogger - Using 'UTF-8' encoding to copy filtered resources.
2021-01-09 14:19:56,938 [Worker-28: Building] INFO  o.e.m.c.i.embedder.EclipseLogger - Copying 1 resource
2021-01-09 14:19:56,940 [Worker-28: Building] INFO  o.e.m.c.i.embedder.EclipseLogger - Using 'UTF-8' encoding to copy filtered resources.
2021-01-09 14:19:56,940 [Worker-28: Building] INFO  o.e.m.c.i.embedder.EclipseLogger - skip non existing resourceDirectory D:\UFV\Cuarto\Primer cuatrimestre\TAP\Gestion_ascensores\Ascensores\src\test\resources
2021-01-09 14:23:21,029 [Worker-23: Building] INFO  o.e.m.c.i.embedder.EclipseLogger - Using 'UTF-8' encoding to copy filtered resources.
2021-01-09 14:23:21,030 [Worker-23: Building] INFO  o.e.m.c.i.embedder.EclipseLogger - Copying 1 resource
2021-01-09 14:23:21,032 [Worker-23: Building] INFO  o.e.m.c.i.embedder.EclipseLogger - Using 'UTF-8' encoding to copy filtered resources.
2021-01-09 14:23:21,033 [Worker-23: Building] INFO  o.e.m.c.i.embedder.EclipseLogger - skip non existing resourceDirectory D:\UFV\Cuarto\Primer cuatrimestre\TAP\Gestion_ascensores\Ascensores\src\test\resources
2021-01-09 14:23:56,269 [Worker-21: Building] INFO  o.e.m.c.i.embedder.EclipseLogger - Using 'UTF-8' encoding to copy filtered resources.
2021-01-09 14:23:56,270 [Worker-21: Building] INFO  o.e.m.c.i.embedder.EclipseLogger - Copying 1 resource
2021-01-09 14:23:56,272 [Worker-21: Building] INFO  o.e.m.c.i.embedder.EclipseLogger - Using 'UTF-8' encoding to copy filtered resources.
2021-01-09 14:23:56,272 [Worker-21: Building] INFO  o.e.m.c.i.embedder.EclipseLogger - skip non existing resourceDirectory D:\UFV\Cuarto\Primer cuatrimestre\TAP\Gestion_ascensores\Ascensores\src\test\resources
2021-01-09 14:26:56,399 [Worker-30: Building] INFO  o.e.m.c.i.embedder.EclipseLogger - Using 'UTF-8' encoding to copy filtered resources.
2021-01-09 14:26:56,400 [Worker-30: Building] INFO  o.e.m.c.i.embedder.EclipseLogger - Copying 1 resource
2021-01-09 14:26:56,403 [Worker-30: Building] INFO  o.e.m.c.i.embedder.EclipseLogger - Using 'UTF-8' encoding to copy filtered resources.
2021-01-09 14:26:56,403 [Worker-30: Building] INFO  o.e.m.c.i.embedder.EclipseLogger - skip non existing resourceDirectory D:\UFV\Cuarto\Primer cuatrimestre\TAP\Gestion_ascensores\Ascensores\src\test\resources
2021-01-09 14:27:05,218 [Worker-23: Building] INFO  o.e.m.c.i.embedder.EclipseLogger - Using 'UTF-8' encoding to copy filtered resources.
2021-01-09 14:27:05,218 [Worker-23: Building] INFO  o.e.m.c.i.embedder.EclipseLogger - Copying 1 resource
2021-01-09 14:27:05,220 [Worker-23: Building] INFO  o.e.m.c.i.embedder.EclipseLogger - Using 'UTF-8' encoding to copy filtered resources.
2021-01-09 14:27:05,220 [Worker-23: Building] INFO  o.e.m.c.i.embedder.EclipseLogger - skip non existing resourceDirectory D:\UFV\Cuarto\Primer cuatrimestre\TAP\Gestion_ascensores\Ascensores\src\test\resources
2021-01-09 14:27:16,590 [Worker-29: Building] INFO  o.e.m.c.i.embedder.EclipseLogger - Using 'UTF-8' encoding to copy filtered resources.
2021-01-09 14:27:16,591 [Worker-29: Building] INFO  o.e.m.c.i.embedder.EclipseLogger - Copying 1 resource
2021-01-09 14:27:16,592 [Worker-29: Building] INFO  o.e.m.c.i.embedder.EclipseLogger - Using 'UTF-8' encoding to copy filtered resources.
2021-01-09 14:27:16,592 [Worker-29: Building] INFO  o.e.m.c.i.embedder.EclipseLogger - skip non existing resourceDirectory D:\UFV\Cuarto\Primer cuatrimestre\TAP\Gestion_ascensores\Ascensores\src\test\resources
2021-01-09 14:27:54,355 [Worker-21: Building] INFO  o.e.m.c.i.embedder.EclipseLogger - Using 'UTF-8' encoding to copy filtered resources.
2021-01-09 14:27:54,356 [Worker-21: Building] INFO  o.e.m.c.i.embedder.EclipseLogger - Copying 1 resource
2021-01-09 14:27:54,358 [Worker-21: Building] INFO  o.e.m.c.i.embedder.EclipseLogger - Using 'UTF-8' encoding to copy filtered resources.
2021-01-09 14:27:54,358 [Worker-21: Building] INFO  o.e.m.c.i.embedder.EclipseLogger - skip non existing resourceDirectory D:\UFV\Cuarto\Primer cuatrimestre\TAP\Gestion_ascensores\Ascensores\src\test\resources
2021-01-09 14:28:01,684 [Worker-24: Building] INFO  o.e.m.c.i.embedder.EclipseLogger - Using 'UTF-8' encoding to copy filtered resources.
2021-01-09 14:28:01,684 [Worker-24: Building] INFO  o.e.m.c.i.embedder.EclipseLogger - Copying 1 resource
2021-01-09 14:28:01,686 [Worker-24: Building] INFO  o.e.m.c.i.embedder.EclipseLogger - Using 'UTF-8' encoding to copy filtered resources.
2021-01-09 14:28:01,686 [Worker-24: Building] INFO  o.e.m.c.i.embedder.EclipseLogger - skip non existing resourceDirectory D:\UFV\Cuarto\Primer cuatrimestre\TAP\Gestion_ascensores\Ascensores\src\test\resources
2021-01-09 14:28:20,737 [Worker-21: Building] INFO  o.e.m.c.i.embedder.EclipseLogger - Using 'UTF-8' encoding to copy filtered resources.
2021-01-09 14:28:20,738 [Worker-21: Building] INFO  o.e.m.c.i.embedder.EclipseLogger - Copying 1 resource
2021-01-09 14:28:20,739 [Worker-21: Building] INFO  o.e.m.c.i.embedder.EclipseLogger - Using 'UTF-8' encoding to copy filtered resources.
2021-01-09 14:28:20,739 [Worker-21: Building] INFO  o.e.m.c.i.embedder.EclipseLogger - skip non existing resourceDirectory D:\UFV\Cuarto\Primer cuatrimestre\TAP\Gestion_ascensores\Ascensores\src\test\resources
2021-01-09 14:28:26,268 [Worker-21: Building] INFO  o.e.m.c.i.embedder.EclipseLogger - Using 'UTF-8' encoding to copy filtered resources.
2021-01-09 14:28:26,268 [Worker-21: Building] INFO  o.e.m.c.i.embedder.EclipseLogger - Copying 0 resource
2021-01-09 14:28:26,270 [Worker-21: Building] INFO  o.e.m.c.i.embedder.EclipseLogger - Using 'UTF-8' encoding to copy filtered resources.
2021-01-09 14:28:26,270 [Worker-21: Building] INFO  o.e.m.c.i.embedder.EclipseLogger - skip non existing resourceDirectory D:\UFV\Cuarto\Primer cuatrimestre\TAP\Gestion_ascensores\Ascensores\src\test\resources
2021-01-09 14:28:43,214 [Worker-24: Building] INFO  o.e.m.c.i.embedder.EclipseLogger - Using 'UTF-8' encoding to copy filtered resources.
2021-01-09 14:28:43,215 [Worker-24: Building] INFO  o.e.m.c.i.embedder.EclipseLogger - Copying 1 resource
2021-01-09 14:28:43,217 [Worker-24: Building] INFO  o.e.m.c.i.embedder.EclipseLogger - Using 'UTF-8' encoding to copy filtered resources.
2021-01-09 14:28:43,217 [Worker-24: Building] INFO  o.e.m.c.i.embedder.EclipseLogger - skip non existing resourceDirectory D:\UFV\Cuarto\Primer cuatrimestre\TAP\Gestion_ascensores\Ascensores\src\test\resources
2021-01-09 14:28:51,728 [Worker-23: Building] INFO  o.e.m.c.i.embedder.EclipseLogger - Using 'UTF-8' encoding to copy filtered resources.
2021-01-09 14:28:51,729 [Worker-23: Building] INFO  o.e.m.c.i.embedder.EclipseLogger - Copying 1 resource
2021-01-09 14:28:51,730 [Worker-23: Building] INFO  o.e.m.c.i.embedder.EclipseLogger - Using 'UTF-8' encoding to copy filtered resources.
2021-01-09 14:28:51,731 [Worker-23: Building] INFO  o.e.m.c.i.embedder.EclipseLogger - skip non existing resourceDirectory D:\UFV\Cuarto\Primer cuatrimestre\TAP\Gestion_ascensores\Ascensores\src\test\resources
2021-01-09 14:29:07,723 [Worker-21: Building] INFO  o.e.m.c.i.embedder.EclipseLogger - Using 'UTF-8' encoding to copy filtered resources.
2021-01-09 14:29:07,723 [Worker-21: Building] INFO  o.e.m.c.i.embedder.EclipseLogger - Copying 1 resource
2021-01-09 14:29:07,725 [Worker-21: Building] INFO  o.e.m.c.i.embedder.EclipseLogger - Using 'UTF-8' encoding to copy filtered resources.
2021-01-09 14:29:07,725 [Worker-21: Building] INFO  o.e.m.c.i.embedder.EclipseLogger - skip non existing resourceDirectory D:\UFV\Cuarto\Primer cuatrimestre\TAP\Gestion_ascensores\Ascensores\src\test\resources
2021-01-09 14:29:31,853 [Worker-30: Building] INFO  o.e.m.c.i.embedder.EclipseLogger - Using 'UTF-8' encoding to copy filtered resources.
2021-01-09 14:29:31,854 [Worker-30: Building] INFO  o.e.m.c.i.embedder.EclipseLogger - Copying 1 resource
2021-01-09 14:29:31,856 [Worker-30: Building] INFO  o.e.m.c.i.embedder.EclipseLogger - Using 'UTF-8' encoding to copy filtered resources.
2021-01-09 14:29:31,856 [Worker-30: Building] INFO  o.e.m.c.i.embedder.EclipseLogger - skip non existing resourceDirectory D:\UFV\Cuarto\Primer cuatrimestre\TAP\Gestion_ascensores\Ascensores\src\test\resources
2021-01-09 14:29:42,464 [Worker-29: Building] INFO  o.e.m.c.i.embedder.EclipseLogger - Using 'UTF-8' encoding to copy filtered resources.
2021-01-09 14:29:42,464 [Worker-29: Building] INFO  o.e.m.c.i.embedder.EclipseLogger - Copying 1 resource
2021-01-09 14:29:42,466 [Worker-29: Building] INFO  o.e.m.c.i.embedder.EclipseLogger - Using 'UTF-8' encoding to copy filtered resources.
2021-01-09 14:29:42,466 [Worker-29: Building] INFO  o.e.m.c.i.embedder.EclipseLogger - skip non existing resourceDirectory D:\UFV\Cuarto\Primer cuatrimestre\TAP\Gestion_ascensores\Ascensores\src\test\resources
2021-01-09 14:30:13,153 [Worker-29: Building] INFO  o.e.m.c.i.embedder.EclipseLogger - Using 'UTF-8' encoding to copy filtered resources.
2021-01-09 14:30:13,153 [Worker-29: Building] INFO  o.e.m.c.i.embedder.EclipseLogger - Copying 1 resource
2021-01-09 14:30:13,155 [Worker-29: Building] INFO  o.e.m.c.i.embedder.EclipseLogger - Using 'UTF-8' encoding to copy filtered resources.
2021-01-09 14:30:13,155 [Worker-29: Building] INFO  o.e.m.c.i.embedder.EclipseLogger - skip non existing resourceDirectory D:\UFV\Cuarto\Primer cuatrimestre\TAP\Gestion_ascensores\Ascensores\src\test\resources
2021-01-11 19:40:28,463 [Worker-0: Loading available Gradle versions] INFO  o.e.b.c.i.u.g.PublishedGradleVersions - Gradle version information cache is out-of-date. Trying to update.
2021-01-11 19:49:44,733 [Worker-11: Building] INFO  o.e.m.c.i.embedder.EclipseLogger - Updating theme VAADIN\themes\mytheme
2021-01-11 19:49:45,010 [Thread-35] INFO  o.e.m.c.i.embedder.EclipseLogger - Widgetsets found from classpath:
2021-01-11 19:49:45,010 [Thread-35] INFO  o.e.m.c.i.embedder.EclipseLogger - Addon styles found from classpath:
2021-01-11 19:49:45,010 [Thread-35] INFO  o.e.m.c.i.embedder.EclipseLogger - 
2021-01-11 19:49:45,011 [Thread-35] INFO  o.e.m.c.i.embedder.EclipseLogger - Search took 6ms
2021-01-11 19:49:45,027 [Worker-11: Building] INFO  o.e.m.c.i.embedder.EclipseLogger - Theme "VAADIN\themes\mytheme" updated
2021-01-11 19:49:45,031 [Worker-11: Building] WARN  o.e.m.c.i.embedder.EclipseLogger - GWT plugin is configured to detect modules, but none were found.
2021-01-11 19:49:45,033 [Worker-11: Building] INFO  o.e.m.c.i.embedder.EclipseLogger - No widgetsets found - generating AppWidgetset if necessary.
2021-01-11 19:49:45,035 [Worker-11: Building] INFO  o.e.m.c.i.embedder.EclipseLogger - Updating widgetset AppWidgetset
2021-01-11 19:49:45,035 [Worker-11: Building] INFO  o.e.m.c.i.embedder.EclipseLogger - Adding resource directory to command classpath: D:\UFV\Cuarto\Primer cuatrimestre\TAP\Gestion_ascensores\Ascensores\src\main\resources
2021-01-11 19:49:45,035 [Worker-11: Building] INFO  o.e.m.c.i.embedder.EclipseLogger - Adding resource directory to command classpath: D:\UFV\Cuarto\Primer cuatrimestre\TAP\Gestion_ascensores\Ascensores\target\generated-resources\gwt
2021-01-11 19:49:45,040 [Worker-11: Building] INFO  o.e.m.c.i.embedder.EclipseLogger - Using com.vaadin:vaadin-client version 7.7.17
2021-01-11 19:49:45,180 [Worker-11: Building] INFO  o.e.m.c.i.embedder.EclipseLogger - Using com.vaadin:vaadin-client-compiler version 7.7.17
2021-01-11 19:49:45,552 [Thread-37] INFO  o.e.m.c.i.embedder.EclipseLogger - Widgetsets found from classpath:
2021-01-11 19:49:45,553 [Thread-37] INFO  o.e.m.c.i.embedder.EclipseLogger - 	com.vaadin.DefaultWidgetSet in jar:file:C:/Users/vitiu/.m2/repository/com/vaadin/vaadin-client/7.7.17/vaadin-client-7.7.17.jar!/
2021-01-11 19:49:45,553 [Thread-37] INFO  o.e.m.c.i.embedder.EclipseLogger - Addon styles found from classpath:
2021-01-11 19:49:45,553 [Thread-37] INFO  o.e.m.c.i.embedder.EclipseLogger - 
2021-01-11 19:49:45,553 [Thread-37] INFO  o.e.m.c.i.embedder.EclipseLogger - Search took 7ms
2021-01-11 19:49:45,579 [Worker-11: Building] INFO  o.e.m.c.i.embedder.EclipseLogger - Updating theme VAADIN\themes\mytheme
2021-01-11 19:49:48,285 [Worker-11: Building] INFO  o.e.m.c.i.embedder.EclipseLogger - Theme "VAADIN\themes\mytheme" compiled
2021-01-11 19:49:48,448 [Worker-11: Building] INFO  o.e.m.c.i.embedder.EclipseLogger - Using 'UTF-8' encoding to copy filtered resources.
2021-01-11 19:49:48,450 [Worker-11: Building] INFO  o.e.m.c.i.embedder.EclipseLogger - Copying 1 resource
2021-01-11 19:49:48,455 [Worker-11: Building] INFO  o.e.m.c.i.embedder.EclipseLogger - Copying 0 resource
2021-01-11 19:49:48,488 [Worker-11: Building] WARN  o.e.m.c.i.embedder.EclipseLogger - GWT plugin is configured to detect modules, but none were found.
2021-01-11 19:49:48,490 [Worker-11: Building] INFO  o.e.m.c.i.embedder.EclipseLogger - Using com.vaadin:vaadin-client version 7.7.17
2021-01-11 19:49:48,498 [Worker-11: Building] INFO  o.e.m.c.i.embedder.EclipseLogger - Using com.vaadin:vaadin-client-compiler version 7.7.17
2021-01-11 19:49:48,510 [Worker-11: Building] INFO  o.e.m.c.i.embedder.EclipseLogger - Using 'UTF-8' encoding to copy filtered resources.
2021-01-11 19:49:48,511 [Worker-11: Building] INFO  o.e.m.c.i.embedder.EclipseLogger - skip non existing resourceDirectory D:\UFV\Cuarto\Primer cuatrimestre\TAP\Gestion_ascensores\Ascensores\src\test\resources
2021-01-11 19:49:49,696 [Worker-22: Building] INFO  o.e.m.c.i.embedder.EclipseLogger - Using 'UTF-8' encoding to copy filtered resources.
2021-01-11 19:49:49,699 [Worker-22: Building] INFO  o.e.m.c.i.embedder.EclipseLogger - Copying 1 resource
2021-01-11 19:49:49,711 [Worker-22: Building] WARN  o.e.m.c.i.embedder.EclipseLogger - GWT plugin is configured to detect modules, but none were found.
2021-01-11 19:49:49,714 [Worker-22: Building] INFO  o.e.m.c.i.embedder.EclipseLogger - Using com.vaadin:vaadin-client version 7.7.17
2021-01-11 19:49:49,721 [Worker-22: Building] INFO  o.e.m.c.i.embedder.EclipseLogger - Using com.vaadin:vaadin-client-compiler version 7.7.17
2021-01-11 19:49:49,735 [Worker-22: Building] INFO  o.e.m.c.i.embedder.EclipseLogger - Using 'UTF-8' encoding to copy filtered resources.
2021-01-11 19:49:49,735 [Worker-22: Building] INFO  o.e.m.c.i.embedder.EclipseLogger - skip non existing resourceDirectory D:\UFV\Cuarto\Primer cuatrimestre\TAP\Gestion_ascensores\Ascensores\src\test\resources
2021-01-11 19:50:19,427 [Worker-23: Building] INFO  o.e.m.c.i.embedder.EclipseLogger - Using 'UTF-8' encoding to copy filtered resources.
2021-01-11 19:50:19,428 [Worker-23: Building] INFO  o.e.m.c.i.embedder.EclipseLogger - Copying 1 resource
2021-01-11 19:50:19,429 [Worker-23: Building] INFO  o.e.m.c.i.embedder.EclipseLogger - Using 'UTF-8' encoding to copy filtered resources.
2021-01-11 19:50:19,429 [Worker-23: Building] INFO  o.e.m.c.i.embedder.EclipseLogger - skip non existing resourceDirectory D:\UFV\Cuarto\Primer cuatrimestre\TAP\Gestion_ascensores\Ascensores\src\test\resources
2021-01-11 19:50:20,514 [Worker-11: Building] INFO  o.e.m.c.i.embedder.EclipseLogger - Using 'UTF-8' encoding to copy filtered resources.
2021-01-11 19:50:20,515 [Worker-11: Building] INFO  o.e.m.c.i.embedder.EclipseLogger - Copying 1 resource
2021-01-11 19:50:20,516 [Worker-11: Building] INFO  o.e.m.c.i.embedder.EclipseLogger - Using 'UTF-8' encoding to copy filtered resources.
2021-01-11 19:50:20,517 [Worker-11: Building] INFO  o.e.m.c.i.embedder.EclipseLogger - skip non existing resourceDirectory D:\UFV\Cuarto\Primer cuatrimestre\TAP\Gestion_ascensores\Ascensores\src\test\resources
2021-01-12 18:59:24,386 [Worker-6: Loading available Gradle versions] INFO  o.e.b.c.i.u.g.PublishedGradleVersions - Gradle version information cache is up-to-date. Trying to read.
2021-01-12 18:59:31,015 [Worker-9: Building] INFO  o.e.m.c.i.embedder.EclipseLogger - Updating theme VAADIN\themes\mytheme
2021-01-12 18:59:31,556 [Thread-20] INFO  o.e.m.c.i.embedder.EclipseLogger - Widgetsets found from classpath:
2021-01-12 18:59:31,556 [Thread-20] INFO  o.e.m.c.i.embedder.EclipseLogger - Addon styles found from classpath:
2021-01-12 18:59:31,556 [Thread-20] INFO  o.e.m.c.i.embedder.EclipseLogger - 
2021-01-12 18:59:31,556 [Thread-20] INFO  o.e.m.c.i.embedder.EclipseLogger - Search took 15ms
2021-01-12 18:59:31,744 [Worker-9: Building] INFO  o.e.m.c.i.embedder.EclipseLogger - Theme "VAADIN\themes\mytheme" updated
2021-01-12 18:59:31,752 [Worker-9: Building] WARN  o.e.m.c.i.embedder.EclipseLogger - GWT plugin is configured to detect modules, but none were found.
2021-01-12 18:59:31,754 [Worker-9: Building] INFO  o.e.m.c.i.embedder.EclipseLogger - No widgetsets found - generating AppWidgetset if necessary.
2021-01-12 18:59:31,756 [Worker-9: Building] INFO  o.e.m.c.i.embedder.EclipseLogger - Updating widgetset AppWidgetset
2021-01-12 18:59:31,756 [Worker-9: Building] INFO  o.e.m.c.i.embedder.EclipseLogger - Adding resource directory to command classpath: D:\UFV\Cuarto\Primer cuatrimestre\TAP\Gestion_ascensores\Ascensores\src\main\resources
2021-01-12 18:59:31,757 [Worker-9: Building] INFO  o.e.m.c.i.embedder.EclipseLogger - Adding resource directory to command classpath: D:\UFV\Cuarto\Primer cuatrimestre\TAP\Gestion_ascensores\Ascensores\target\generated-resources\gwt
2021-01-12 18:59:31,762 [Worker-9: Building] INFO  o.e.m.c.i.embedder.EclipseLogger - Using com.vaadin:vaadin-client version 7.7.17
2021-01-12 18:59:31,981 [Worker-9: Building] INFO  o.e.m.c.i.embedder.EclipseLogger - Using com.vaadin:vaadin-client-compiler version 7.7.17
2021-01-12 18:59:32,889 [Thread-23] INFO  o.e.m.c.i.embedder.EclipseLogger - Widgetsets found from classpath:
2021-01-12 18:59:32,889 [Thread-23] INFO  o.e.m.c.i.embedder.EclipseLogger - 	com.vaadin.DefaultWidgetSet in jar:file:C:/Users/vitiu/.m2/repository/com/vaadin/vaadin-client/7.7.17/vaadin-client-7.7.17.jar!/
2021-01-12 18:59:32,889 [Thread-23] INFO  o.e.m.c.i.embedder.EclipseLogger - Addon styles found from classpath:
2021-01-12 18:59:32,890 [Thread-23] INFO  o.e.m.c.i.embedder.EclipseLogger - 
2021-01-12 18:59:32,890 [Thread-23] INFO  o.e.m.c.i.embedder.EclipseLogger - Search took 15ms
2021-01-12 18:59:32,947 [Worker-9: Building] INFO  o.e.m.c.i.embedder.EclipseLogger - Updating theme VAADIN\themes\mytheme
2021-01-12 18:59:39,043 [Worker-9: Building] INFO  o.e.m.c.i.embedder.EclipseLogger - Theme "VAADIN\themes\mytheme" compiled
2021-01-12 18:59:39,253 [Worker-9: Building] INFO  o.e.m.c.i.embedder.EclipseLogger - Using 'UTF-8' encoding to copy filtered resources.
2021-01-12 18:59:39,254 [Worker-9: Building] INFO  o.e.m.c.i.embedder.EclipseLogger - Copying 1 resource
2021-01-12 18:59:39,266 [Worker-9: Building] INFO  o.e.m.c.i.embedder.EclipseLogger - Copying 0 resource
2021-01-12 18:59:39,280 [Worker-9: Building] WARN  o.e.m.c.i.embedder.EclipseLogger - GWT plugin is configured to detect modules, but none were found.
2021-01-12 18:59:39,284 [Worker-9: Building] INFO  o.e.m.c.i.embedder.EclipseLogger - Using com.vaadin:vaadin-client version 7.7.17
2021-01-12 18:59:39,294 [Worker-9: Building] INFO  o.e.m.c.i.embedder.EclipseLogger - Using com.vaadin:vaadin-client-compiler version 7.7.17
2021-01-12 18:59:39,309 [Worker-9: Building] INFO  o.e.m.c.i.embedder.EclipseLogger - Using 'UTF-8' encoding to copy filtered resources.
2021-01-12 18:59:39,309 [Worker-9: Building] INFO  o.e.m.c.i.embedder.EclipseLogger - skip non existing resourceDirectory D:\UFV\Cuarto\Primer cuatrimestre\TAP\Gestion_ascensores\Ascensores\src\test\resources
2021-01-12 18:59:41,402 [Worker-12: Building] INFO  o.e.m.c.i.l.LifecycleMappingFactory - Using org.eclipse.m2e.jdt.JarLifecycleMapping lifecycle mapping for MavenProject: Tap:Ascensores:1.0-SNAPSHOT @ D:\UFV\Cuarto\Primer cuatrimestre\TAP\Gestion_ascensores\Ascensores\pom.xml.
2021-01-12 18:59:43,157 [Worker-12: Building] WARN  o.e.m.c.i.embedder.EclipseLogger - GWT plugin is configured to detect modules, but none were found.
2021-01-12 18:59:43,159 [Worker-12: Building] INFO  o.e.m.c.i.embedder.EclipseLogger - No widgetsets found - generating AppWidgetset if necessary.
2021-01-12 18:59:43,163 [Worker-12: Building] INFO  o.e.m.c.i.embedder.EclipseLogger - Updating widgetset AppWidgetset
2021-01-12 18:59:43,168 [Worker-12: Building] INFO  o.e.m.c.i.embedder.EclipseLogger - Adding resource directory to command classpath: D:\UFV\Cuarto\Primer cuatrimestre\TAP\Gestion_ascensores\Ascensores\src\main\resources
2021-01-12 18:59:43,168 [Worker-12: Building] INFO  o.e.m.c.i.embedder.EclipseLogger - Adding resource directory to command classpath: D:\UFV\Cuarto\Primer cuatrimestre\TAP\Gestion_ascensores\Ascensores\target\generated-resources\gwt
2021-01-12 18:59:43,171 [Worker-12: Building] INFO  o.e.m.c.i.embedder.EclipseLogger - Using com.vaadin:vaadin-client version 7.7.17
2021-01-12 18:59:43,183 [Worker-12: Building] INFO  o.e.m.c.i.embedder.EclipseLogger - Using com.vaadin:vaadin-client-compiler version 7.7.17
2021-01-12 18:59:43,492 [Thread-28] INFO  o.e.m.c.i.embedder.EclipseLogger - Widgetsets found from classpath:
2021-01-12 18:59:43,493 [Thread-28] INFO  o.e.m.c.i.embedder.EclipseLogger - 	com.vaadin.DefaultWidgetSet in jar:file:C:/Users/vitiu/.m2/repository/com/vaadin/vaadin-client/7.7.17/vaadin-client-7.7.17.jar!/
2021-01-12 18:59:43,493 [Thread-28] INFO  o.e.m.c.i.embedder.EclipseLogger - Addon styles found from classpath:
2021-01-12 18:59:43,493 [Thread-28] INFO  o.e.m.c.i.embedder.EclipseLogger - 
2021-01-12 18:59:43,493 [Thread-28] INFO  o.e.m.c.i.embedder.EclipseLogger - Search took 9ms
2021-01-12 18:59:43,621 [Worker-12: Building] INFO  o.e.m.c.i.embedder.EclipseLogger - Using 'UTF-8' encoding to copy filtered resources.
2021-01-12 18:59:43,623 [Worker-12: Building] INFO  o.e.m.c.i.embedder.EclipseLogger - Copying 1 resource
2021-01-12 18:59:43,629 [Worker-12: Building] INFO  o.e.m.c.i.embedder.EclipseLogger - Copying 0 resource
2021-01-12 18:59:43,634 [Worker-12: Building] WARN  o.e.m.c.i.embedder.EclipseLogger - GWT plugin is configured to detect modules, but none were found.
2021-01-12 18:59:43,638 [Worker-12: Building] INFO  o.e.m.c.i.embedder.EclipseLogger - Using com.vaadin:vaadin-client version 7.7.17
2021-01-12 18:59:43,646 [Worker-12: Building] INFO  o.e.m.c.i.embedder.EclipseLogger - Using com.vaadin:vaadin-client-compiler version 7.7.17
2021-01-12 18:59:43,659 [Worker-12: Building] INFO  o.e.m.c.i.embedder.EclipseLogger - Using 'UTF-8' encoding to copy filtered resources.
2021-01-12 18:59:43,659 [Worker-12: Building] INFO  o.e.m.c.i.embedder.EclipseLogger - skip non existing resourceDirectory D:\UFV\Cuarto\Primer cuatrimestre\TAP\Gestion_ascensores\Ascensores\src\test\resources
2021-01-12 19:01:19,082 [Worker-7: Building] INFO  o.e.m.c.i.embedder.EclipseLogger - Using 'UTF-8' encoding to copy filtered resources.
2021-01-12 19:01:19,083 [Worker-7: Building] INFO  o.e.m.c.i.embedder.EclipseLogger - Copying 1 resource
2021-01-12 19:01:19,087 [Worker-7: Building] INFO  o.e.m.c.i.embedder.EclipseLogger - Using 'UTF-8' encoding to copy filtered resources.
2021-01-12 19:01:19,087 [Worker-7: Building] INFO  o.e.m.c.i.embedder.EclipseLogger - skip non existing resourceDirectory D:\UFV\Cuarto\Primer cuatrimestre\TAP\Gestion_ascensores\Ascensores\src\test\resources
2021-01-12 19:01:20,129 [Worker-15: Building] INFO  o.e.m.c.i.embedder.EclipseLogger - Using 'UTF-8' encoding to copy filtered resources.
2021-01-12 19:01:20,130 [Worker-15: Building] INFO  o.e.m.c.i.embedder.EclipseLogger - Copying 1 resource
2021-01-12 19:01:20,133 [Worker-15: Building] INFO  o.e.m.c.i.embedder.EclipseLogger - Using 'UTF-8' encoding to copy filtered resources.
2021-01-12 19:01:20,133 [Worker-15: Building] INFO  o.e.m.c.i.embedder.EclipseLogger - skip non existing resourceDirectory D:\UFV\Cuarto\Primer cuatrimestre\TAP\Gestion_ascensores\Ascensores\src\test\resources
2021-01-12 19:01:57,254 [Worker-23: Building] INFO  o.e.m.c.i.embedder.EclipseLogger - Using 'UTF-8' encoding to copy filtered resources.
2021-01-12 19:01:57,255 [Worker-23: Building] INFO  o.e.m.c.i.embedder.EclipseLogger - Copying 1 resource
2021-01-12 19:01:57,256 [Worker-23: Building] INFO  o.e.m.c.i.embedder.EclipseLogger - Using 'UTF-8' encoding to copy filtered resources.
2021-01-12 19:01:57,257 [Worker-23: Building] INFO  o.e.m.c.i.embedder.EclipseLogger - skip non existing resourceDirectory D:\UFV\Cuarto\Primer cuatrimestre\TAP\Gestion_ascensores\Ascensores\src\test\resources
2021-01-12 19:02:45,475 [Worker-17: Building] INFO  o.e.m.c.i.embedder.EclipseLogger - Using 'UTF-8' encoding to copy filtered resources.
2021-01-12 19:02:45,476 [Worker-17: Building] INFO  o.e.m.c.i.embedder.EclipseLogger - Copying 1 resource
2021-01-12 19:02:45,478 [Worker-17: Building] INFO  o.e.m.c.i.embedder.EclipseLogger - Using 'UTF-8' encoding to copy filtered resources.
2021-01-12 19:02:45,478 [Worker-17: Building] INFO  o.e.m.c.i.embedder.EclipseLogger - skip non existing resourceDirectory D:\UFV\Cuarto\Primer cuatrimestre\TAP\Gestion_ascensores\Ascensores\src\test\resources
2021-01-12 19:04:23,311 [Worker-24: Building] INFO  o.e.m.c.i.embedder.EclipseLogger - Using 'UTF-8' encoding to copy filtered resources.
2021-01-12 19:04:23,312 [Worker-24: Building] INFO  o.e.m.c.i.embedder.EclipseLogger - Copying 1 resource
2021-01-12 19:04:23,314 [Worker-24: Building] INFO  o.e.m.c.i.embedder.EclipseLogger - Using 'UTF-8' encoding to copy filtered resources.
2021-01-12 19:04:23,314 [Worker-24: Building] INFO  o.e.m.c.i.embedder.EclipseLogger - skip non existing resourceDirectory D:\UFV\Cuarto\Primer cuatrimestre\TAP\Gestion_ascensores\Ascensores\src\test\resources
2021-01-12 19:04:50,281 [Worker-14: Building] INFO  o.e.m.c.i.embedder.EclipseLogger - Using 'UTF-8' encoding to copy filtered resources.
2021-01-12 19:04:50,281 [Worker-14: Building] INFO  o.e.m.c.i.embedder.EclipseLogger - Copying 1 resource
2021-01-12 19:04:50,285 [Worker-14: Building] INFO  o.e.m.c.i.embedder.EclipseLogger - Using 'UTF-8' encoding to copy filtered resources.
2021-01-12 19:04:50,285 [Worker-14: Building] INFO  o.e.m.c.i.embedder.EclipseLogger - skip non existing resourceDirectory D:\UFV\Cuarto\Primer cuatrimestre\TAP\Gestion_ascensores\Ascensores\src\test\resources
2021-01-12 19:05:14,596 [Worker-23: Building] INFO  o.e.m.c.i.embedder.EclipseLogger - Using 'UTF-8' encoding to copy filtered resources.
2021-01-12 19:05:14,597 [Worker-23: Building] INFO  o.e.m.c.i.embedder.EclipseLogger - Copying 1 resource
2021-01-12 19:05:14,600 [Worker-23: Building] INFO  o.e.m.c.i.embedder.EclipseLogger - Using 'UTF-8' encoding to copy filtered resources.
2021-01-12 19:05:14,600 [Worker-23: Building] INFO  o.e.m.c.i.embedder.EclipseLogger - skip non existing resourceDirectory D:\UFV\Cuarto\Primer cuatrimestre\TAP\Gestion_ascensores\Ascensores\src\test\resources
2021-01-12 19:07:05,540 [Worker-10: Building] INFO  o.e.m.c.i.embedder.EclipseLogger - Using 'UTF-8' encoding to copy filtered resources.
2021-01-12 19:07:05,540 [Worker-10: Building] INFO  o.e.m.c.i.embedder.EclipseLogger - Copying 1 resource
2021-01-12 19:07:05,542 [Worker-10: Building] INFO  o.e.m.c.i.embedder.EclipseLogger - Using 'UTF-8' encoding to copy filtered resources.
2021-01-12 19:07:05,542 [Worker-10: Building] INFO  o.e.m.c.i.embedder.EclipseLogger - skip non existing resourceDirectory D:\UFV\Cuarto\Primer cuatrimestre\TAP\Gestion_ascensores\Ascensores\src\test\resources
2021-01-12 19:07:22,859 [Worker-14: Launching Main] INFO  o.e.m.c.i.embedder.EclipseLogger - Using 'UTF-8' encoding to copy filtered resources.
2021-01-12 19:07:22,860 [Worker-14: Launching Main] INFO  o.e.m.c.i.embedder.EclipseLogger - Copying 1 resource
2021-01-12 19:07:22,862 [Worker-14: Launching Main] INFO  o.e.m.c.i.embedder.EclipseLogger - Using 'UTF-8' encoding to copy filtered resources.
2021-01-12 19:07:22,862 [Worker-14: Launching Main] INFO  o.e.m.c.i.embedder.EclipseLogger - skip non existing resourceDirectory D:\UFV\Cuarto\Primer cuatrimestre\TAP\Gestion_ascensores\Ascensores\src\test\resources
2021-01-12 19:09:54,612 [Worker-29: Building] INFO  o.e.m.c.i.embedder.EclipseLogger - Using 'UTF-8' encoding to copy filtered resources.
2021-01-12 19:09:54,612 [Worker-29: Building] INFO  o.e.m.c.i.embedder.EclipseLogger - Copying 0 resource
2021-01-12 19:09:54,616 [Worker-29: Building] INFO  o.e.m.c.i.embedder.EclipseLogger - Using 'UTF-8' encoding to copy filtered resources.
2021-01-12 19:09:54,616 [Worker-29: Building] INFO  o.e.m.c.i.embedder.EclipseLogger - skip non existing resourceDirectory D:\UFV\Cuarto\Primer cuatrimestre\TAP\Gestion_ascensores\Ascensores\src\test\resources
2021-01-12 20:09:48,481 [Worker-47: Building] INFO  o.e.m.c.i.embedder.EclipseLogger - Using 'UTF-8' encoding to copy filtered resources.
2021-01-12 20:09:48,482 [Worker-47: Building] INFO  o.e.m.c.i.embedder.EclipseLogger - Copying 1 resource
2021-01-12 20:09:48,485 [Worker-47: Building] INFO  o.e.m.c.i.embedder.EclipseLogger - Using 'UTF-8' encoding to copy filtered resources.
2021-01-12 20:09:48,486 [Worker-47: Building] INFO  o.e.m.c.i.embedder.EclipseLogger - skip non existing resourceDirectory D:\UFV\Cuarto\Primer cuatrimestre\TAP\Gestion_ascensores\Ascensores\src\test\resources
2021-01-13 15:36:40,577 [Worker-5: Loading available Gradle versions] INFO  o.e.b.c.i.u.g.PublishedGradleVersions - Gradle version information cache is out-of-date. Trying to update.
2021-01-13 16:39:01,832 [Worker-1: Loading available Gradle versions] INFO  o.e.b.c.i.u.g.PublishedGradleVersions - Gradle version information cache is up-to-date. Trying to read.
2021-01-13 16:43:10,035 [Worker-20: Building] INFO  o.e.m.c.i.embedder.EclipseLogger - Updating theme VAADIN\themes\mytheme
2021-01-13 16:43:10,324 [Thread-24] INFO  o.e.m.c.i.embedder.EclipseLogger - Widgetsets found from classpath:
2021-01-13 16:43:10,324 [Thread-24] INFO  o.e.m.c.i.embedder.EclipseLogger - Addon styles found from classpath:
2021-01-13 16:43:10,324 [Thread-24] INFO  o.e.m.c.i.embedder.EclipseLogger - 
2021-01-13 16:43:10,324 [Thread-24] INFO  o.e.m.c.i.embedder.EclipseLogger - Search took 7ms
2021-01-13 16:43:10,342 [Worker-20: Building] INFO  o.e.m.c.i.embedder.EclipseLogger - Theme "VAADIN\themes\mytheme" updated
2021-01-13 16:43:10,347 [Worker-20: Building] WARN  o.e.m.c.i.embedder.EclipseLogger - GWT plugin is configured to detect modules, but none were found.
2021-01-13 16:43:10,350 [Worker-20: Building] INFO  o.e.m.c.i.embedder.EclipseLogger - No widgetsets found - generating AppWidgetset if necessary.
2021-01-13 16:43:10,352 [Worker-20: Building] INFO  o.e.m.c.i.embedder.EclipseLogger - Updating widgetset AppWidgetset
2021-01-13 16:43:10,353 [Worker-20: Building] INFO  o.e.m.c.i.embedder.EclipseLogger - Adding resource directory to command classpath: D:\UFV\Cuarto\Primer cuatrimestre\TAP\Gestion_ascensores\Ascensores\src\main\resources
2021-01-13 16:43:10,353 [Worker-20: Building] INFO  o.e.m.c.i.embedder.EclipseLogger - Adding resource directory to command classpath: D:\UFV\Cuarto\Primer cuatrimestre\TAP\Gestion_ascensores\Ascensores\target\generated-resources\gwt
2021-01-13 16:43:10,362 [Worker-20: Building] INFO  o.e.m.c.i.embedder.EclipseLogger - Using com.vaadin:vaadin-client version 7.7.17
2021-01-13 16:43:10,514 [Worker-20: Building] INFO  o.e.m.c.i.embedder.EclipseLogger - Using com.vaadin:vaadin-client-compiler version 7.7.17
2021-01-13 16:43:11,027 [Thread-26] INFO  o.e.m.c.i.embedder.EclipseLogger - Widgetsets found from classpath:
2021-01-13 16:43:11,027 [Thread-26] INFO  o.e.m.c.i.embedder.EclipseLogger - 	com.vaadin.DefaultWidgetSet in jar:file:C:/Users/vitiu/.m2/repository/com/vaadin/vaadin-client/7.7.17/vaadin-client-7.7.17.jar!/
2021-01-13 16:43:11,027 [Thread-26] INFO  o.e.m.c.i.embedder.EclipseLogger - Addon styles found from classpath:
2021-01-13 16:43:11,027 [Thread-26] INFO  o.e.m.c.i.embedder.EclipseLogger - 
2021-01-13 16:43:11,028 [Thread-26] INFO  o.e.m.c.i.embedder.EclipseLogger - Search took 9ms
2021-01-13 16:43:11,060 [Worker-20: Building] INFO  o.e.m.c.i.embedder.EclipseLogger - Updating theme VAADIN\themes\mytheme
2021-01-13 16:43:14,359 [Worker-20: Building] INFO  o.e.m.c.i.embedder.EclipseLogger - Theme "VAADIN\themes\mytheme" compiled
2021-01-13 16:43:14,590 [Worker-20: Building] INFO  o.e.m.c.i.embedder.EclipseLogger - Using 'UTF-8' encoding to copy filtered resources.
2021-01-13 16:43:14,590 [Worker-20: Building] INFO  o.e.m.c.i.embedder.EclipseLogger - Copying 1 resource
2021-01-13 16:43:14,601 [Worker-20: Building] INFO  o.e.m.c.i.embedder.EclipseLogger - Copying 0 resource
2021-01-13 16:43:14,609 [Worker-20: Building] WARN  o.e.m.c.i.embedder.EclipseLogger - GWT plugin is configured to detect modules, but none were found.
2021-01-13 16:43:14,611 [Worker-20: Building] INFO  o.e.m.c.i.embedder.EclipseLogger - Using com.vaadin:vaadin-client version 7.7.17
2021-01-13 16:43:14,621 [Worker-20: Building] INFO  o.e.m.c.i.embedder.EclipseLogger - Using com.vaadin:vaadin-client-compiler version 7.7.17
2021-01-13 16:43:14,635 [Worker-20: Building] INFO  o.e.m.c.i.embedder.EclipseLogger - Using 'UTF-8' encoding to copy filtered resources.
2021-01-13 16:43:14,636 [Worker-20: Building] INFO  o.e.m.c.i.embedder.EclipseLogger - skip non existing resourceDirectory D:\UFV\Cuarto\Primer cuatrimestre\TAP\Gestion_ascensores\Ascensores\src\test\resources
2021-01-13 16:44:22,346 [Worker-21: Building] INFO  o.e.m.c.i.embedder.EclipseLogger - Using 'UTF-8' encoding to copy filtered resources.
2021-01-13 16:44:22,349 [Worker-21: Building] INFO  o.e.m.c.i.embedder.EclipseLogger - Copying 1 resource
2021-01-13 16:44:22,351 [Worker-21: Building] INFO  o.e.m.c.i.embedder.EclipseLogger - Using 'UTF-8' encoding to copy filtered resources.
2021-01-13 16:44:22,352 [Worker-21: Building] INFO  o.e.m.c.i.embedder.EclipseLogger - skip non existing resourceDirectory D:\UFV\Cuarto\Primer cuatrimestre\TAP\Gestion_ascensores\Ascensores\src\test\resources
2021-01-13 16:44:23,382 [Worker-19: Building] INFO  o.e.m.c.i.embedder.EclipseLogger - Using 'UTF-8' encoding to copy filtered resources.
2021-01-13 16:44:23,383 [Worker-19: Building] INFO  o.e.m.c.i.embedder.EclipseLogger - Copying 1 resource
2021-01-13 16:44:23,384 [Worker-19: Building] INFO  o.e.m.c.i.embedder.EclipseLogger - Using 'UTF-8' encoding to copy filtered resources.
2021-01-13 16:44:23,384 [Worker-19: Building] INFO  o.e.m.c.i.embedder.EclipseLogger - skip non existing resourceDirectory D:\UFV\Cuarto\Primer cuatrimestre\TAP\Gestion_ascensores\Ascensores\src\test\resources
